Using pre-set license
Built from '2022.3/staging' branch; Version is '2022.3.8f1 (b5eafc012955) revision 11922172'; Using compiler version '192829333'; Build Type 'Release'
OS: 'Windows 11  (10.0.22621) 64bit Core' Language: 'en' Physical Memory: 32507 MB
BatchMode: 1, IsHumanControllingUs: 0, StartBugReporterOnCrash: 0, Is64bit: 1, IsPro: 1

COMMAND LINE ARGUMENTS:
C:\Program Files\Unity\Hub\Editor\2022.3.8f1\Editor\Unity.exe
-adb2
-batchMode
-noUpm
-name
AssetImportWorker2
-projectPath
C:/Users/evasq/OneDrive/Escritorio/My-Muffin/My Muffin
-logFile
Logs/AssetImportWorker2.log
-srvPort
61584
Successfully changed project path to: C:/Users/evasq/OneDrive/Escritorio/My-Muffin/My Muffin
C:/Users/evasq/OneDrive/Escritorio/My-Muffin/My Muffin
[UnityMemory] Configuration Parameters - Can be set up in boot.config
    "memorysetup-bucket-allocator-granularity=16"
    "memorysetup-bucket-allocator-bucket-count=8"
    "memorysetup-bucket-allocator-block-size=33554432"
    "memorysetup-bucket-allocator-block-count=8"
    "memorysetup-main-allocator-block-size=16777216"
    "memorysetup-thread-allocator-block-size=16777216"
    "memorysetup-gfx-main-allocator-block-size=16777216"
    "memorysetup-gfx-thread-allocator-block-size=16777216"
    "memorysetup-cache-allocator-block-size=4194304"
    "memorysetup-typetree-allocator-block-size=2097152"
    "memorysetup-profiler-bucket-allocator-granularity=16"
    "memorysetup-profiler-bucket-allocator-bucket-count=8"
    "memorysetup-profiler-bucket-allocator-block-size=33554432"
    "memorysetup-profiler-bucket-allocator-block-count=8"
    "memorysetup-profiler-allocator-block-size=16777216"
    "memorysetup-profiler-editor-allocator-block-size=1048576"
    "memorysetup-temp-allocator-size-main=16777216"
    "memorysetup-job-temp-allocator-block-size=2097152"
    "memorysetup-job-temp-allocator-block-size-background=1048576"
    "memorysetup-job-temp-allocator-reduction-small-platforms=262144"
    "memorysetup-allocator-temp-initial-block-size-main=262144"
    "memorysetup-allocator-temp-initial-block-size-worker=262144"
    "memorysetup-temp-allocator-size-background-worker=32768"
    "memorysetup-temp-allocator-size-job-worker=262144"
    "memorysetup-temp-allocator-size-preload-manager=33554432"
    "memorysetup-temp-allocator-size-nav-mesh-worker=65536"
    "memorysetup-temp-allocator-size-audio-worker=65536"
    "memorysetup-temp-allocator-size-cloud-worker=32768"
    "memorysetup-temp-allocator-size-gi-baking-worker=262144"
    "memorysetup-temp-allocator-size-gfx=262144"
Player connection [38544] Host "[IP] 192.168.86.52 [Port] 0 [Flags] 2 [Guid] 930108405 [EditorId] 930108405 [Version] 1048832 [Id] WindowsEditor(7,Edu_Legion) [Debug] 1 [PackageName] WindowsEditor [ProjectName] Editor" joined multi-casting on [225.0.0.222:54997]...

Player connection [38544] Host "[IP] 192.168.86.52 [Port] 0 [Flags] 2 [Guid] 930108405 [EditorId] 930108405 [Version] 1048832 [Id] WindowsEditor(7,Edu_Legion) [Debug] 1 [PackageName] WindowsEditor [ProjectName] Editor" joined alternative multi-casting on [225.0.0.222:34997]...

[Physics::Module] Initialized MultithreadedJobDispatcher with 31 workers.
Refreshing native plugins compatible for Editor in 11.42 ms, found 4 plugins.
Preloading 0 native plugins for Editor in 0.00 ms.
Initialize engine version: 2022.3.8f1 (b5eafc012955)
[Subsystems] Discovering subsystems at path C:/Program Files/Unity/Hub/Editor/2022.3.8f1/Editor/Data/Resources/UnitySubsystems
[Subsystems] Discovering subsystems at path C:/Users/evasq/OneDrive/Escritorio/My-Muffin/My Muffin/Assets
GfxDevice: creating device client; threaded=0; jobified=0
Direct3D:
    Version:  Direct3D 11.0 [level 11.1]
    Renderer: NVIDIA GeForce RTX 4070 Laptop GPU (ID=0x2860)
    Vendor:   NVIDIA
    VRAM:     7962 MB
    Driver:   31.0.15.3210
Shader 'MoreMountains/MMRipple': fallback shader 'Particle/AlphaBlended' not found
Initialize mono
Mono path[0] = 'C:/Program Files/Unity/Hub/Editor/2022.3.8f1/Editor/Data/Managed'
Mono path[1] = 'C:/Program Files/Unity/Hub/Editor/2022.3.8f1/Editor/Data/MonoBleedingEdge/lib/mono/unityjit-win32'
Mono config path = 'C:/Program Files/Unity/Hub/Editor/2022.3.8f1/Editor/Data/MonoBleedingEdge/etc'
Using monoOptions --debugger-agent=transport=dt_socket,embedding=1,server=y,suspend=n,address=127.0.0.1:56296
Begin MonoManager ReloadAssembly
Registering precompiled unity dll's ...
Register platform support module: C:/Program Files/Unity/Hub/Editor/2022.3.8f1/Editor/Data/PlaybackEngines/WebGLSupport/UnityEditor.WebGL.Extensions.dll
Register platform support module: C:/Program Files/Unity/Hub/Editor/2022.3.8f1/Editor/Data/PlaybackEngines/MacStandaloneSupport/UnityEditor.OSXStandalone.Extensions.dll
Register platform support module: C:/Program Files/Unity/Hub/Editor/2022.3.8f1/Editor/Data/PlaybackEngines/AndroidPlayer/UnityEditor.Android.Extensions.dll
Register platform support module: C:/Program Files/Unity/Hub/Editor/2022.3.8f1/Editor/Data/PlaybackEngines/iOSSupport/UnityEditor.iOS.Extensions.dll
Register platform support module: C:/Program Files/Unity/Hub/Editor/2022.3.8f1/Editor/Data/PlaybackEngines/WindowsStandaloneSupport/UnityEditor.WindowsStandalone.Extensions.dll
Register platform support module: C:/Program Files/Unity/Hub/Editor/2022.3.8f1/Editor/Data/PlaybackEngines/MetroSupport/UnityEditor.UWP.Extensions.dll
Registered in 0.008812 seconds.
- Loaded All Assemblies, in  0.274 seconds
Native extension for UWP target not found
Native extension for WindowsStandalone target not found
[usbmuxd] Start listen thread
[usbmuxd] Listen thread started
Native extension for iOS target not found
Native extension for Android target not found
Android Extension - Scanning For ADB Devices 278 ms
Native extension for OSXStandalone target not found
Native extension for WebGL target not found
Mono: successfully reloaded assembly
- Finished resetting the current domain, in  0.517 seconds
Domain Reload Profiling: 790ms
	BeginReloadAssembly (88ms)
		ExecutionOrderSort (0ms)
		DisableScriptedObjects (0ms)
		BackupInstance (0ms)
		ReleaseScriptingObjects (0ms)
		CreateAndSetChildDomain (0ms)
	RebuildCommonClasses (26ms)
	RebuildNativeTypeToScriptingClass (7ms)
	initialDomainReloadingComplete (46ms)
	LoadAllAssembliesAndSetupDomain (106ms)
		LoadAssemblies (87ms)
		RebuildTransferFunctionScriptingTraits (0ms)
		AnalyzeDomain (104ms)
			TypeCache.Refresh (103ms)
				TypeCache.ScanAssembly (93ms)
			ScanForSourceGeneratedMonoScriptInfo (0ms)
			ResolveRequiredComponents (0ms)
	FinalizeReload (517ms)
		ReleaseScriptCaches (0ms)
		RebuildScriptCaches (0ms)
		SetupLoadedEditorAssemblies (474ms)
			LogAssemblyErrors (0ms)
			InitializePlatformSupportModulesInManaged (377ms)
			SetLoadedEditorAssemblies (3ms)
			RefreshPlugins (0ms)
			BeforeProcessingInitializeOnLoad (1ms)
			ProcessInitializeOnLoadAttributes (58ms)
			ProcessInitializeOnLoadMethodAttributes (34ms)
			AfterProcessingInitializeOnLoad (0ms)
			EditorAssembliesLoaded (0ms)
		ExecutionOrderSort2 (0ms)
		AwakeInstancesAfterBackupRestoration (0ms)
========================================================================
Worker process is ready to serve import requests
Begin MonoManager ReloadAssembly
- Loaded All Assemblies, in  0.583 seconds
Refreshing native plugins compatible for Editor in 3.07 ms, found 4 plugins.
Native extension for UWP target not found
Native extension for WindowsStandalone target not found
Native extension for iOS target not found
Native extension for Android target not found
Native extension for OSXStandalone target not found
Native extension for WebGL target not found
[ScriptCompilation] NOT recompiling all scripts because this is an import worker process. Reason to compile was: Define symbols changed
Package Manager log level set to [2]
[Package Manager] Server::EnsureServerProcessIsRunning -- launch failed, reason: Unity was launched with the -noUpm command-line argument
[Package Manager] UpmClient::Send -- Unable to send message (not connected to UPM process).
[Package Manager] Cannot connect to Unity Package Manager local server
Mono: successfully reloaded assembly
- Finished resetting the current domain, in  0.631 seconds
Domain Reload Profiling: 1212ms
	BeginReloadAssembly (103ms)
		ExecutionOrderSort (0ms)
		DisableScriptedObjects (3ms)
		BackupInstance (0ms)
		ReleaseScriptingObjects (0ms)
		CreateAndSetChildDomain (16ms)
	RebuildCommonClasses (23ms)
	RebuildNativeTypeToScriptingClass (7ms)
	initialDomainReloadingComplete (54ms)
	LoadAllAssembliesAndSetupDomain (393ms)
		LoadAssemblies (243ms)
		RebuildTransferFunctionScriptingTraits (0ms)
		AnalyzeDomain (205ms)
			TypeCache.Refresh (172ms)
				TypeCache.ScanAssembly (156ms)
			ScanForSourceGeneratedMonoScriptInfo (17ms)
			ResolveRequiredComponents (15ms)
	FinalizeReload (631ms)
		ReleaseScriptCaches (0ms)
		RebuildScriptCaches (0ms)
		SetupLoadedEditorAssemblies (488ms)
			LogAssemblyErrors (0ms)
			InitializePlatformSupportModulesInManaged (27ms)
			SetLoadedEditorAssemblies (4ms)
			RefreshPlugins (0ms)
			BeforeProcessingInitializeOnLoad (47ms)
			ProcessInitializeOnLoadAttributes (388ms)
			ProcessInitializeOnLoadMethodAttributes (19ms)
			AfterProcessingInitializeOnLoad (3ms)
			EditorAssembliesLoaded (0ms)
		ExecutionOrderSort2 (0ms)
		AwakeInstancesAfterBackupRestoration (4ms)
Shader 'MoreMountains/MMRipple': fallback shader 'Particle/AlphaBlended' not found
Launched and connected shader compiler UnityShaderCompiler.exe after 0.05 seconds
Refreshing native plugins compatible for Editor in 3.36 ms, found 4 plugins.
Preloading 0 native plugins for Editor in 0.00 ms.
Unloading 4096 Unused Serialized files (Serialized files now loaded: 0)
Unloading 44 unused Assets / (62.0 KB). Loaded Objects now: 4681.
Memory consumption went from 231.5 MB to 231.4 MB.
Total: 3.579800 ms (FindLiveObjects: 0.418300 ms CreateObjectMapping: 0.158300 ms MarkObjects: 2.887100 ms  DeleteObjects: 0.114700 ms)

AssetImportParameters requested are different than current active one (requested -> active):
  custom:container-demuxer-ogg: 62fdf1f143b41e24485cea50d1cbac27 -> 
  custom:video-codec-MediaFoundation-h265: 746d11721c4dcdbdad8f713fa42b33f4 -> 
  custom:video-decoder-ogg-theora: a1e56fd34408186e4bbccfd4996cb3dc -> 
  custom:framework-win-MediaFoundation: 216162199b28c13a410421893ffa2e32 -> 
  custom:CustomObjectIndexerAttribute: 756ad292c208cfabdd7b50bc23989ffe -> 
  custom:container-demuxer-webm: 4f35f7cbe854078d1ac9338744f61a02 -> 
  custom:container-muxer-webm: aa71ff27fc2769a1b78a27578f13a17b -> 
  custom:video-decoder-webm-vp8: 9c59270c3fd7afecdb556c50c9e8de78 -> 
  custom:SearchIndexIgnoredProperties: e643bd26f0fe6173181afceb89e7c659 -> 
  custom:AudioImporter_EditorPlatform: d09bf68614088b80899f8185d706f6e7 -> 
  custom:video-encoder-webm-vp8: eb34c28f22e8b96e1ab97ce403110664 -> 
  custom:audio-decoder-ogg-vorbis: bf7c407c2cedff20999df2af8eb42d56 -> 
  custom:audio-encoder-webm-vorbis: bf7c407c2cedff20999df2af8eb42d56 -> 
========================================================================
Received Import Request.
  Time since last request: 526693.280218 seconds.
  path: Assets/Feel/MMFeedbacks/Demos/MMFeedbacksDemo/Models/Cube.fbx
  artifactKey: Guid(71c1a7d31ae1f5148bd68555e9baee05) Importer(815301076,1909f56bfc062723c751e8b465ee728b)
Start importing Assets/Feel/MMFeedbacks/Demos/MMFeedbacksDemo/Models/Cube.fbx using Guid(71c1a7d31ae1f5148bd68555e9baee05) Importer(815301076,1909f56bfc062723c751e8b465ee728b)  -> (artifact id: 'd79cb000975700501a1a3c9607903907') in 0.241515 seconds
Number of updated asset objects reloaded before import = 0
Number of asset objects unloaded after import = 8
========================================================================
Received Import Request.
  Time since last request: 0.000023 seconds.
  path: Assets/Feel/MMTools/Tools/MMVFX/MMRipple/MMRippleSpiral1.mat
  artifactKey: Guid(a617e0f28404308478e66c689628ebf8) Importer(815301076,1909f56bfc062723c751e8b465ee728b)
Start importing Assets/Feel/MMTools/Tools/MMVFX/MMRipple/MMRippleSpiral1.mat using Guid(a617e0f28404308478e66c689628ebf8) Importer(815301076,1909f56bfc062723c751e8b465ee728b)  -> (artifact id: 'f0018031c7595b36eaa700fdb626c3a7') in 0.017324 seconds
Number of updated asset objects reloaded before import = 0
Number of asset objects unloaded after import = 2
========================================================================
Received Import Request.
  Time since last request: 0.000078 seconds.
  path: Assets/Feel/FeelDemos/Barbarians/Models/Materials/Wood.004.mat
  artifactKey: Guid(958d923168c750545a3cf6a1cfe1a6db) Importer(815301076,1909f56bfc062723c751e8b465ee728b)
Start importing Assets/Feel/FeelDemos/Barbarians/Models/Materials/Wood.004.mat using Guid(958d923168c750545a3cf6a1cfe1a6db) Importer(815301076,1909f56bfc062723c751e8b465ee728b)  -> (artifact id: 'c2b816975cff5635c95725b1098afb13') in 0.018774 seconds
Number of updated asset objects reloaded before import = 0
Number of asset objects unloaded after import = 1
========================================================================
Received Import Request.
  Time since last request: 0.000055 seconds.
  path: Assets/Feel/MMTools/Demos/MMTween/Materials/MMPlotterPointMaterial.mat
  artifactKey: Guid(e9acbfc937f10684283102450bb59ac1) Importer(815301076,1909f56bfc062723c751e8b465ee728b)
Start importing Assets/Feel/MMTools/Demos/MMTween/Materials/MMPlotterPointMaterial.mat using Guid(e9acbfc937f10684283102450bb59ac1) Importer(815301076,1909f56bfc062723c751e8b465ee728b)  -> (artifact id: '107d78fe671fd64ae72a12463c582cb6') in 0.032721 seconds
Number of updated asset objects reloaded before import = 0
Number of asset objects unloaded after import = 1
========================================================================
Received Import Request.
  Time since last request: 0.000019 seconds.
  path: Assets/Feel/MMFeedbacks/Demos/MMFeedbacksDemo/Models/Sphere.fbx
  artifactKey: Guid(d9c2d3b5b3491844cb195e03ee9e1524) Importer(815301076,1909f56bfc062723c751e8b465ee728b)
Start importing Assets/Feel/MMFeedbacks/Demos/MMFeedbacksDemo/Models/Sphere.fbx using Guid(d9c2d3b5b3491844cb195e03ee9e1524) Importer(815301076,1909f56bfc062723c751e8b465ee728b)  -> (artifact id: '862b7cd96fdee6831b37dd07cbe1c123') in 0.033617 seconds
Number of updated asset objects reloaded before import = 0
Number of asset objects unloaded after import = 8
========================================================================
Received Import Request.
  Time since last request: 0.000015 seconds.
  path: Assets/Feel/MMTools/Demos/MMGhostCamera/Materials/MMGhostCameraGround.mat
  artifactKey: Guid(d3ca152672d96364d9f45f1b41ef9644) Importer(815301076,1909f56bfc062723c751e8b465ee728b)
Start importing Assets/Feel/MMTools/Demos/MMGhostCamera/Materials/MMGhostCameraGround.mat using Guid(d3ca152672d96364d9f45f1b41ef9644) Importer(815301076,1909f56bfc062723c751e8b465ee728b)  -> (artifact id: '358627c334bfe65886eefe94968046f8') in 0.017044 seconds
Number of updated asset objects reloaded before import = 0
Number of asset objects unloaded after import = 1
========================================================================
Received Import Request.
  Time since last request: 0.000022 seconds.
  path: Assets/Feel/MMTools/Tools/MMVFX/MMRipple/MMRippleRosace1.mat
  artifactKey: Guid(4c7cb988a600a2f42959f41a828e5ee1) Importer(815301076,1909f56bfc062723c751e8b465ee728b)
Start importing Assets/Feel/MMTools/Tools/MMVFX/MMRipple/MMRippleRosace1.mat using Guid(4c7cb988a600a2f42959f41a828e5ee1) Importer(815301076,1909f56bfc062723c751e8b465ee728b)  -> (artifact id: 'c02e170e4d4c08baeef46160996457e5') in 0.019119 seconds
Number of updated asset objects reloaded before import = 0
Number of asset objects unloaded after import = 2
========================================================================
Received Import Request.
  Time since last request: 0.000026 seconds.
  path: Assets/Feel/MMTools/Demos/MMTween/Materials/MMPlotterPointMaterial 2.mat
  artifactKey: Guid(fb4caa80ff96ef14aad27e394d9874b3) Importer(815301076,1909f56bfc062723c751e8b465ee728b)
Start importing Assets/Feel/MMTools/Demos/MMTween/Materials/MMPlotterPointMaterial 2.mat using Guid(fb4caa80ff96ef14aad27e394d9874b3) Importer(815301076,1909f56bfc062723c751e8b465ee728b)  -> (artifact id: '0823aaa16a6edfdf570c8743495edfe7') in 0.015947 seconds
Number of updated asset objects reloaded before import = 0
Number of asset objects unloaded after import = 1
========================================================================
Received Import Request.
  Time since last request: 0.000072 seconds.
  path: Assets/Feel/FeelDemos/Barbarians/Models/Materials/Wood.003.mat
  artifactKey: Guid(aade7dfbbcc2bb749a75c813546d0b48) Importer(815301076,1909f56bfc062723c751e8b465ee728b)
Start importing Assets/Feel/FeelDemos/Barbarians/Models/Materials/Wood.003.mat using Guid(aade7dfbbcc2bb749a75c813546d0b48) Importer(815301076,1909f56bfc062723c751e8b465ee728b)  -> (artifact id: 'e27b0bc8e3c4e574c4dfa4fd83fc2ef5') in 0.013252 seconds
Number of updated asset objects reloaded before import = 0
Number of asset objects unloaded after import = 1
========================================================================
Received Import Request.
  Time since last request: 0.000077 seconds.
  path: Assets/Feel/MMTools/Tools/MMPrototypeTextures/MMBRP_Materials/MMBPR_BlueFrame.mat
  artifactKey: Guid(e0e8a571ef6fce34890952889b35afda) Importer(815301076,1909f56bfc062723c751e8b465ee728b)
Start importing Assets/Feel/MMTools/Tools/MMPrototypeTextures/MMBRP_Materials/MMBPR_BlueFrame.mat using Guid(e0e8a571ef6fce34890952889b35afda) Importer(815301076,1909f56bfc062723c751e8b465ee728b)  -> (artifact id: 'a662f232eea211f8da4c0f3a38c91ffa') in 0.211806 seconds
Number of updated asset objects reloaded before import = 0
Number of asset objects unloaded after import = 4
========================================================================
Received Import Request.
  Time since last request: 0.000119 seconds.
  path: Assets/Feel/MMTools/Demos/MMTween/Fonts/Lato/SDF/Lato-SemiboldItalic SDF.asset
  artifactKey: Guid(7c954dac1de116b478a8154de93b2b6c) Importer(815301076,1909f56bfc062723c751e8b465ee728b)
Start importing Assets/Feel/MMTools/Demos/MMTween/Fonts/Lato/SDF/Lato-SemiboldItalic SDF.asset using Guid(7c954dac1de116b478a8154de93b2b6c) Importer(815301076,1909f56bfc062723c751e8b465ee728b)  -> (artifact id: '69e0d492af2e1cbd61969a36b153c75c') in 0.034467 seconds
Number of updated asset objects reloaded before import = 0
Number of asset objects unloaded after import = 4
========================================================================
Received Import Request.
  Time since last request: 0.000018 seconds.
  path: Assets/Feel/MMTools/Tools/MMVFX/MMRipple/MMRippleSaw2.mat
  artifactKey: Guid(0d8a387a51a2b414b8160677b26c9d1a) Importer(815301076,1909f56bfc062723c751e8b465ee728b)
Start importing Assets/Feel/MMTools/Tools/MMVFX/MMRipple/MMRippleSaw2.mat using Guid(0d8a387a51a2b414b8160677b26c9d1a) Importer(815301076,1909f56bfc062723c751e8b465ee728b)  -> (artifact id: '411e8a60260e2cb87ba118efc044c793') in 0.005870 seconds
Number of updated asset objects reloaded before import = 0
Number of asset objects unloaded after import = 2
========================================================================
Received Import Request.
  Time since last request: 0.000017 seconds.
  path: Assets/Feel/MMFeedbacks/Demos/SequencingDemo/Materials/SequencerTiles67.mat
  artifactKey: Guid(0d11a8d904e77af4bbbac066d6455c5a) Importer(815301076,1909f56bfc062723c751e8b465ee728b)
Start importing Assets/Feel/MMFeedbacks/Demos/SequencingDemo/Materials/SequencerTiles67.mat using Guid(0d11a8d904e77af4bbbac066d6455c5a) Importer(815301076,1909f56bfc062723c751e8b465ee728b)  -> (artifact id: 'd37139a611d9adbc358969599230845c') in 0.191208 seconds
Number of updated asset objects reloaded before import = 0
Number of asset objects unloaded after import = 5
========================================================================
Received Import Request.
  Time since last request: 0.000014 seconds.
  path: Assets/Feel/MMTools/Tools/MMPrototypeTextures/MMBRP_Materials/MMBPR_GreenDots.mat
  artifactKey: Guid(d19e7892e1d87fb4fb8433ec887fb8cc) Importer(815301076,1909f56bfc062723c751e8b465ee728b)
Start importing Assets/Feel/MMTools/Tools/MMPrototypeTextures/MMBRP_Materials/MMBPR_GreenDots.mat using Guid(d19e7892e1d87fb4fb8433ec887fb8cc) Importer(815301076,1909f56bfc062723c751e8b465ee728b)  -> (artifact id: '9af1e31ae39f0915c771c330bdbe2026') in 0.019976 seconds
Number of updated asset objects reloaded before import = 0
Number of asset objects unloaded after import = 4
========================================================================
Received Import Request.
  Time since last request: 0.000019 seconds.
  path: Assets/Feel/FeelDemos/Barbarians/Models/Materials/Leaves.002.mat
  artifactKey: Guid(457696f3c352ba248a9cdfe13349fb80) Importer(815301076,1909f56bfc062723c751e8b465ee728b)
Start importing Assets/Feel/FeelDemos/Barbarians/Models/Materials/Leaves.002.mat using Guid(457696f3c352ba248a9cdfe13349fb80) Importer(815301076,1909f56bfc062723c751e8b465ee728b)  -> (artifact id: '5b946a51f3c3d087bf8b15060b4ccfda') in 0.012076 seconds
Number of updated asset objects reloaded before import = 0
Number of asset objects unloaded after import = 1
========================================================================
Received Import Request.
  Time since last request: 0.000046 seconds.
  path: Assets/Feel/MMTools/Demos/MMGhostCamera/Materials/MMGhostCameraSkybox.mat
  artifactKey: Guid(6e8efd13e78c7504f9e73f2d50b6c6f0) Importer(815301076,1909f56bfc062723c751e8b465ee728b)
Start importing Assets/Feel/MMTools/Demos/MMGhostCamera/Materials/MMGhostCameraSkybox.mat using Guid(6e8efd13e78c7504f9e73f2d50b6c6f0) Importer(815301076,1909f56bfc062723c751e8b465ee728b)  -> (artifact id: '96cbdc888df30c25cab85222eb6ba67a') in 0.012358 seconds
Number of updated asset objects reloaded before import = 0
Number of asset objects unloaded after import = 1
========================================================================
Received Import Request.
  Time since last request: 0.000016 seconds.
  path: Assets/Feel/NiceVibrations/Demo/_Common/Shaders/MaskedUI.mat
  artifactKey: Guid(32e98a8a48578634a93cc964a2f2c9b5) Importer(815301076,1909f56bfc062723c751e8b465ee728b)
Start importing Assets/Feel/NiceVibrations/Demo/_Common/Shaders/MaskedUI.mat using Guid(32e98a8a48578634a93cc964a2f2c9b5) Importer(815301076,1909f56bfc062723c751e8b465ee728b)  -> (artifact id: '8923c59d8755d1a1a4aa129ab34b3697') in 0.025181 seconds
Number of updated asset objects reloaded before import = 0
Number of asset objects unloaded after import = 2
========================================================================
Received Import Request.
  Time since last request: 0.000016 seconds.
  path: Assets/Feel/MMFeedbacks/Demos/SequencingDemo/Materials/SequencerFabric09.mat
  artifactKey: Guid(d27c02d0cdd147245be0de863bd68637) Importer(815301076,1909f56bfc062723c751e8b465ee728b)
Start importing Assets/Feel/MMFeedbacks/Demos/SequencingDemo/Materials/SequencerFabric09.mat using Guid(d27c02d0cdd147245be0de863bd68637) Importer(815301076,1909f56bfc062723c751e8b465ee728b)  -> (artifact id: 'cbd43a31a7f46cb22b7515c2cc79df82') in 0.013872 seconds
Number of updated asset objects reloaded before import = 0
Number of asset objects unloaded after import = 7
========================================================================
Received Import Request.
  Time since last request: 0.000014 seconds.
  path: Assets/Feel/MMFeedbacks/Demos/SequencingDemo/Materials/SequencerTiles44.mat
  artifactKey: Guid(e69503b16837c6d4fb7e7c787b6bbd80) Importer(815301076,1909f56bfc062723c751e8b465ee728b)
Start importing Assets/Feel/MMFeedbacks/Demos/SequencingDemo/Materials/SequencerTiles44.mat using Guid(e69503b16837c6d4fb7e7c787b6bbd80) Importer(815301076,1909f56bfc062723c751e8b465ee728b)  -> (artifact id: 'f8ce8755fc6ea012bec5d22b27d6a367') in 0.011375 seconds
Number of updated asset objects reloaded before import = 0
Number of asset objects unloaded after import = 4
========================================================================
Received Import Request.
  Time since last request: 0.000011 seconds.
  path: Assets/Feel/FeelDemos/Barbarians/Models/Materials/Leaves.004.mat
  artifactKey: Guid(5f7c21d0e40236f4a88f4747a93a1f56) Importer(815301076,1909f56bfc062723c751e8b465ee728b)
Start importing Assets/Feel/FeelDemos/Barbarians/Models/Materials/Leaves.004.mat using Guid(5f7c21d0e40236f4a88f4747a93a1f56) Importer(815301076,1909f56bfc062723c751e8b465ee728b)  -> (artifact id: '73d880e3016f615e86be8558d7b4a09f') in 0.009739 seconds
Number of updated asset objects reloaded before import = 0
Number of asset objects unloaded after import = 1
========================================================================
Received Import Request.
  Time since last request: 0.000021 seconds.
  path: Assets/Feel/MMTools/Tools/MMPrototypeTextures/MMBRP_Materials/MMBPR_RedCrosses.mat
  artifactKey: Guid(816fe783c3103644790f46de0cbeb161) Importer(815301076,1909f56bfc062723c751e8b465ee728b)
Start importing Assets/Feel/MMTools/Tools/MMPrototypeTextures/MMBRP_Materials/MMBPR_RedCrosses.mat using Guid(816fe783c3103644790f46de0cbeb161) Importer(815301076,1909f56bfc062723c751e8b465ee728b)  -> (artifact id: 'e6717d775d709ac4830b88b08e4357e1') in 0.019487 seconds
Number of updated asset objects reloaded before import = 0
Number of asset objects unloaded after import = 4
========================================================================
Received Import Request.
  Time since last request: 0.000013 seconds.
  path: Assets/Feel/MMFeedbacks/Demos/SequencingDemo/Materials/SequencerMetal.mat
  artifactKey: Guid(9bef2c99fbaaba541b418740f320969d) Importer(815301076,1909f56bfc062723c751e8b465ee728b)
Start importing Assets/Feel/MMFeedbacks/Demos/SequencingDemo/Materials/SequencerMetal.mat using Guid(9bef2c99fbaaba541b418740f320969d) Importer(815301076,1909f56bfc062723c751e8b465ee728b)  -> (artifact id: '52d5862849ed1dab543df871e6d6bda5') in 0.012884 seconds
Number of updated asset objects reloaded before import = 0
Number of asset objects unloaded after import = 4
========================================================================
Received Import Request.
  Time since last request: 0.000018 seconds.
  path: Assets/Feel/FeelDemosHDRP/Falcon/Models/FeelFalcon.fbx
  artifactKey: Guid(2b0c4bbc795c1cd458a0e991993226f3) Importer(815301076,1909f56bfc062723c751e8b465ee728b)
Start importing Assets/Feel/FeelDemosHDRP/Falcon/Models/FeelFalcon.fbx using Guid(2b0c4bbc795c1cd458a0e991993226f3) Importer(815301076,1909f56bfc062723c751e8b465ee728b)  -> (artifact id: '561f771b261f215c28ba231e9af2515d') in 0.084315 seconds
Number of updated asset objects reloaded before import = 0
Number of asset objects unloaded after import = 32
========================================================================
Received Import Request.
  Time since last request: 0.000014 seconds.
  path: Assets/Feel/MMFeedbacks/Demos/SequencingDemo/Materials/SequencerTiles69.mat
  artifactKey: Guid(9b99e0d3f9ba0e747ae9e6c229f25a82) Importer(815301076,1909f56bfc062723c751e8b465ee728b)
Start importing Assets/Feel/MMFeedbacks/Demos/SequencingDemo/Materials/SequencerTiles69.mat using Guid(9b99e0d3f9ba0e747ae9e6c229f25a82) Importer(815301076,1909f56bfc062723c751e8b465ee728b)  -> (artifact id: 'e95f4362ddf5bdb8fb48a54345c5dbf1') in 0.013507 seconds
Number of updated asset objects reloaded before import = 0
Number of asset objects unloaded after import = 5
========================================================================
Received Import Request.
  Time since last request: 0.000020 seconds.
  path: Assets/Feel/MMTools/Demos/MMFollowTarget/MMFollowTargetDemoGroundMaterial.mat
  artifactKey: Guid(618ddfc15e28454459ee2236b25eb5be) Importer(815301076,1909f56bfc062723c751e8b465ee728b)
Start importing Assets/Feel/MMTools/Demos/MMFollowTarget/MMFollowTargetDemoGroundMaterial.mat using Guid(618ddfc15e28454459ee2236b25eb5be) Importer(815301076,1909f56bfc062723c751e8b465ee728b)  -> (artifact id: 'd59cce4e57b7ac727e5e6ab4ee96146f') in 0.017864 seconds
Number of updated asset objects reloaded before import = 0
Number of asset objects unloaded after import = 4
========================================================================
Received Import Request.
  Time since last request: 0.000028 seconds.
  path: Assets/Feel/FeelDemos/Barbarians/Models/Materials/Wood.002.mat
  artifactKey: Guid(dc79960e9e1bea74d9d0ada77f5d9c48) Importer(815301076,1909f56bfc062723c751e8b465ee728b)
Start importing Assets/Feel/FeelDemos/Barbarians/Models/Materials/Wood.002.mat using Guid(dc79960e9e1bea74d9d0ada77f5d9c48) Importer(815301076,1909f56bfc062723c751e8b465ee728b)  -> (artifact id: 'e4307a62309ae37b668a239e1e25d9c6') in 0.010508 seconds
Number of updated asset objects reloaded before import = 0
Number of asset objects unloaded after import = 1
========================================================================
Received Import Request.
  Time since last request: 0.000081 seconds.
  path: Assets/Feel/FeelDemos/Tactical/Models/FeelTacticalAssaultRifle.fbx
  artifactKey: Guid(29093db279d5d0540b9a25a9d7355362) Importer(815301076,1909f56bfc062723c751e8b465ee728b)
Start importing Assets/Feel/FeelDemos/Tactical/Models/FeelTacticalAssaultRifle.fbx using Guid(29093db279d5d0540b9a25a9d7355362) Importer(815301076,1909f56bfc062723c751e8b465ee728b)  -> (artifact id: '02fc67ba20b570e2442109c87ab3d69a') in 0.055392 seconds
Number of updated asset objects reloaded before import = 0
Number of asset objects unloaded after import = 39
========================================================================
Received Import Request.
  Time since last request: 26.250083 seconds.
  path: Assets/Feel/MMTools/Demos/MMTween/Fonts/Lato/SDF/Lato SDF.asset
  artifactKey: Guid(3944eaaf70beffa4097d8c293604125e) Importer(815301076,1909f56bfc062723c751e8b465ee728b)
Start importing Assets/Feel/MMTools/Demos/MMTween/Fonts/Lato/SDF/Lato SDF.asset using Guid(3944eaaf70beffa4097d8c293604125e) Importer(815301076,1909f56bfc062723c751e8b465ee728b)  -> (artifact id: 'e507aae110176c08965b7d9e30f7f273') in 0.075119 seconds
Number of updated asset objects reloaded before import = 0
Number of asset objects unloaded after import = 55
========================================================================
Received Import Request.
  Time since last request: 1.050716 seconds.
  path: Assets/Feel/MMTools/Demos/MMTween/Fonts/Lato/TTF/Lato-MediumItalic.ttf
  artifactKey: Guid(fd1b3683681c0dd43bafe960491f40db) Importer(815301076,1909f56bfc062723c751e8b465ee728b)
Start importing Assets/Feel/MMTools/Demos/MMTween/Fonts/Lato/TTF/Lato-MediumItalic.ttf using Guid(fd1b3683681c0dd43bafe960491f40db) Importer(815301076,1909f56bfc062723c751e8b465ee728b)  -> (artifact id: '565d31a571542cbf05ccac8b68453d48') in 0.019587 seconds
Number of updated asset objects reloaded before import = 0
Number of asset objects unloaded after import = 4
========================================================================
Received Import Request.
  Time since last request: 0.000011 seconds.
  path: Assets/Feel/MMTools/Demos/MMTween/Fonts/Lato/TTF/Lato-Thin.ttf
  artifactKey: Guid(aff9bd28005f2c848854b890b7962407) Importer(815301076,1909f56bfc062723c751e8b465ee728b)
Start importing Assets/Feel/MMTools/Demos/MMTween/Fonts/Lato/TTF/Lato-Thin.ttf using Guid(aff9bd28005f2c848854b890b7962407) Importer(815301076,1909f56bfc062723c751e8b465ee728b)  -> (artifact id: '41850ed4938fb016f05f2f18d6fcbc93') in 0.040730 seconds
Number of updated asset objects reloaded before import = 0
Number of asset objects unloaded after import = 4
========================================================================
Received Import Request.
  Time since last request: 0.037073 seconds.
  path: Assets/Feel/FeelDemos/Toaster/Materials/FeelToasterToasterMetalMaterial.mat
  artifactKey: Guid(9231d5374a98f36428eb9a7a8195d7d7) Importer(815301076,1909f56bfc062723c751e8b465ee728b)
Start importing Assets/Feel/FeelDemos/Toaster/Materials/FeelToasterToasterMetalMaterial.mat using Guid(9231d5374a98f36428eb9a7a8195d7d7) Importer(815301076,1909f56bfc062723c751e8b465ee728b)  -> (artifact id: 'e622aff5f4d060537db79ae066903573') in 0.015572 seconds
Number of updated asset objects reloaded before import = 0
Number of asset objects unloaded after import = 1
========================================================================
Received Import Request.
  Time since last request: 0.000453 seconds.
  path: Assets/Feel/MMTools/Demos/MMTween/Fonts/Lato/TTF/Lato-HairlineItalic.ttf
  artifactKey: Guid(747a175745b7f704e8f9c65f1aca44b3) Importer(815301076,1909f56bfc062723c751e8b465ee728b)
Start importing Assets/Feel/MMTools/Demos/MMTween/Fonts/Lato/TTF/Lato-HairlineItalic.ttf using Guid(747a175745b7f704e8f9c65f1aca44b3) Importer(815301076,1909f56bfc062723c751e8b465ee728b)  -> (artifact id: '6633da70c4653c61196ee1fad0228fed') in 0.018095 seconds
Number of updated asset objects reloaded before import = 0
Number of asset objects unloaded after import = 4
========================================================================
Received Import Request.
  Time since last request: 0.000092 seconds.
  path: Assets/Feel/MMTools/Demos/MMTween/Fonts/Lato/TTF/Lato-BoldItalic.ttf
  artifactKey: Guid(b5b9db77b259a12469a05063c52d1d11) Importer(815301076,1909f56bfc062723c751e8b465ee728b)
Start importing Assets/Feel/MMTools/Demos/MMTween/Fonts/Lato/TTF/Lato-BoldItalic.ttf using Guid(b5b9db77b259a12469a05063c52d1d11) Importer(815301076,1909f56bfc062723c751e8b465ee728b)  -> (artifact id: 'c8812de91f0488e6a1a8b9a49759f369') in 0.024782 seconds
Number of updated asset objects reloaded before import = 0
Number of asset objects unloaded after import = 4
========================================================================
Received Import Request.
  Time since last request: 0.486569 seconds.
  path: Assets/Feel/FeelDemos/Tactical/Materials/FeelTacticalGunMaterial.mat
  artifactKey: Guid(5e1730b1282c5784ba9af2179d75fdc6) Importer(815301076,1909f56bfc062723c751e8b465ee728b)
Start importing Assets/Feel/FeelDemos/Tactical/Materials/FeelTacticalGunMaterial.mat using Guid(5e1730b1282c5784ba9af2179d75fdc6) Importer(815301076,1909f56bfc062723c751e8b465ee728b)  -> (artifact id: '03495ae3fdeaab4f13ea6bbcfaddcdbc') in 0.021936 seconds
Number of updated asset objects reloaded before import = 0
Number of asset objects unloaded after import = 1
========================================================================
Received Import Request.
  Time since last request: 0.000015 seconds.
  path: Assets/Feel/FeelDemos/Toaster/Materials/FeelToasterSmokeMaterial.mat
  artifactKey: Guid(955627a6c0e766c4cb2b57b060d694a0) Importer(815301076,1909f56bfc062723c751e8b465ee728b)
Start importing Assets/Feel/FeelDemos/Toaster/Materials/FeelToasterSmokeMaterial.mat using Guid(955627a6c0e766c4cb2b57b060d694a0) Importer(815301076,1909f56bfc062723c751e8b465ee728b)  -> (artifact id: '7338836b6effe2f3d1fa5c46c1517618') in 0.059421 seconds
Number of updated asset objects reloaded before import = 0
Number of asset objects unloaded after import = 1
========================================================================
Received Import Request.
  Time since last request: 0.000013 seconds.
  path: Assets/Feel/FeelDemosURP/Strike/Materials/FeelStrikePinStripes.mat
  artifactKey: Guid(4bb041fafbc61b44899bc1dce5cc5c6f) Importer(815301076,1909f56bfc062723c751e8b465ee728b)
Start importing Assets/Feel/FeelDemosURP/Strike/Materials/FeelStrikePinStripes.mat using Guid(4bb041fafbc61b44899bc1dce5cc5c6f) Importer(815301076,1909f56bfc062723c751e8b465ee728b)  -> (artifact id: 'b4bee167f62d11c46680794e8faf40fb') in 0.011764 seconds
Number of updated asset objects reloaded before import = 0
Number of asset objects unloaded after import = 3
========================================================================
Received Import Request.
  Time since last request: 0.000170 seconds.
  path: Assets/Feel/FeelDemos/Tactical/Materials/FeelTacticalBulletImpactParticle.mat
  artifactKey: Guid(cabf8ba3256165e4387291afadf7dc31) Importer(815301076,1909f56bfc062723c751e8b465ee728b)
Start importing Assets/Feel/FeelDemos/Tactical/Materials/FeelTacticalBulletImpactParticle.mat using Guid(cabf8ba3256165e4387291afadf7dc31) Importer(815301076,1909f56bfc062723c751e8b465ee728b)  -> (artifact id: 'c74dbc77cbdaa5605b0ff9305a305f37') in 0.010839 seconds
Number of updated asset objects reloaded before import = 0
Number of asset objects unloaded after import = 1
========================================================================
Received Import Request.
  Time since last request: 0.033031 seconds.
  path: Assets/Feel/FeelDemos/Snake/Materials/FeelSnakeEmissiveSprite.mat
  artifactKey: Guid(258ed6cefda52ae4baa4246f22ab1033) Importer(815301076,1909f56bfc062723c751e8b465ee728b)
Start importing Assets/Feel/FeelDemos/Snake/Materials/FeelSnakeEmissiveSprite.mat using Guid(258ed6cefda52ae4baa4246f22ab1033) Importer(815301076,1909f56bfc062723c751e8b465ee728b)  -> (artifact id: 'd91aa56752f8728421c9dd4b7afb8868') in 0.025110 seconds
Number of updated asset objects reloaded before import = 0
Number of asset objects unloaded after import = 1
========================================================================
Received Import Request.
  Time since last request: 0.000126 seconds.
  path: Assets/Feel/FeelDemos/SquashAndStretch/Materials/FeelSquashAndStretchRoad.mat
  artifactKey: Guid(5d5671b61788077468332859058a30fd) Importer(815301076,1909f56bfc062723c751e8b465ee728b)
Start importing Assets/Feel/FeelDemos/SquashAndStretch/Materials/FeelSquashAndStretchRoad.mat using Guid(5d5671b61788077468332859058a30fd) Importer(815301076,1909f56bfc062723c751e8b465ee728b)  -> (artifact id: 'a54bc40c6a0e8e64d2120a4bf53aa49d') in 0.130403 seconds
Number of updated asset objects reloaded before import = 0
Number of asset objects unloaded after import = 3
========================================================================
Received Import Request.
  Time since last request: 43.881886 seconds.
  path: Assets/Feel/FeelDemos/Letters/Materials/FeelLettersDemoSkybox.mat
  artifactKey: Guid(1771a9a00be3bd44d9ccabfd1f19148c) Importer(815301076,1909f56bfc062723c751e8b465ee728b)
Start importing Assets/Feel/FeelDemos/Letters/Materials/FeelLettersDemoSkybox.mat using Guid(1771a9a00be3bd44d9ccabfd1f19148c) Importer(815301076,1909f56bfc062723c751e8b465ee728b)  -> (artifact id: '6b0548db9f09ccea44ee839e1d1618e8') in 0.038842 seconds
Number of updated asset objects reloaded before import = 0
Number of asset objects unloaded after import = 1
========================================================================
Received Import Request.
  Time since last request: 0.000321 seconds.
  path: Assets/Feel/FeelDemos/Snake/Materials/FeelSnakeEatParticlesDistortionMaterial.mat
  artifactKey: Guid(470e816063a4bad419938b2992efcb02) Importer(815301076,1909f56bfc062723c751e8b465ee728b)
Start importing Assets/Feel/FeelDemos/Snake/Materials/FeelSnakeEatParticlesDistortionMaterial.mat using Guid(470e816063a4bad419938b2992efcb02) Importer(815301076,1909f56bfc062723c751e8b465ee728b)  -> (artifact id: '30caf4e244f84bd3a2ac3ea04f822901') in 0.007239 seconds
Number of updated asset objects reloaded before import = 0
Number of asset objects unloaded after import = 3
========================================================================
Received Import Request.
  Time since last request: 0.318374 seconds.
  path: Assets/Feel/FeelDemosHDRP/Falcon/Materials/FeelFalconRockRoad.mat
  artifactKey: Guid(cc55114c3e87ded4fac5c7a7343a22ba) Importer(815301076,1909f56bfc062723c751e8b465ee728b)
Start importing Assets/Feel/FeelDemosHDRP/Falcon/Materials/FeelFalconRockRoad.mat using Guid(cc55114c3e87ded4fac5c7a7343a22ba) Importer(815301076,1909f56bfc062723c751e8b465ee728b)  -> (artifact id: '2399b1a0fbf05f32b06393bb62aec60d') in 0.010222 seconds
Number of updated asset objects reloaded before import = 0
Number of asset objects unloaded after import = 4
========================================================================
Received Import Request.
  Time since last request: 0.000020 seconds.
  path: Assets/Feel/FeelDemos/Letters/Materials/FeelLettersDemoDustParticlesMaterial.mat
  artifactKey: Guid(f0b0c2febc6812f4eb48ed812dad7e07) Importer(815301076,1909f56bfc062723c751e8b465ee728b)
Start importing Assets/Feel/FeelDemos/Letters/Materials/FeelLettersDemoDustParticlesMaterial.mat using Guid(f0b0c2febc6812f4eb48ed812dad7e07) Importer(815301076,1909f56bfc062723c751e8b465ee728b)  -> (artifact id: '2f32c6f03bca7c291a190bbc17d3636c') in 0.016216 seconds
Number of updated asset objects reloaded before import = 0
Number of asset objects unloaded after import = 2
========================================================================
Received Import Request.
  Time since last request: 0.020753 seconds.
  path: Assets/Feel/FeelDemos/Brass/Materials/FeelBrassGround2.mat
  artifactKey: Guid(350805179906e424dac528881c5a5870) Importer(815301076,1909f56bfc062723c751e8b465ee728b)
Start importing Assets/Feel/FeelDemos/Brass/Materials/FeelBrassGround2.mat using Guid(350805179906e424dac528881c5a5870) Importer(815301076,1909f56bfc062723c751e8b465ee728b)  -> (artifact id: '379e102506ecb30534d48f8c1ff4d25c') in 0.166618 seconds
Number of updated asset objects reloaded before import = 0
Number of asset objects unloaded after import = 3
========================================================================
Received Import Request.
  Time since last request: 0.864042 seconds.
  path: Assets/Feel/FeelDemos/Bounce/Materials/FeelBounceHelmetRimMaterial.mat
  artifactKey: Guid(19b8ca61eb08eb942ae24e76537bc91b) Importer(815301076,1909f56bfc062723c751e8b465ee728b)
Start importing Assets/Feel/FeelDemos/Bounce/Materials/FeelBounceHelmetRimMaterial.mat using Guid(19b8ca61eb08eb942ae24e76537bc91b) Importer(815301076,1909f56bfc062723c751e8b465ee728b)  -> (artifact id: 'c296f3c682d2e677c3bca96fa0e33113') in 4.379792 seconds
Number of updated asset objects reloaded before import = 0
Number of asset objects unloaded after import = 1
========================================================================
Received Import Request.
  Time since last request: 0.000018 seconds.
  path: Assets/Feel/FeelDemos/Barbarians/Materials/FeelBarbarianBackgroundGrass.mat
  artifactKey: Guid(85100f2846b96ab4db6a40b985d86c31) Importer(815301076,1909f56bfc062723c751e8b465ee728b)
Start importing Assets/Feel/FeelDemos/Barbarians/Materials/FeelBarbarianBackgroundGrass.mat using Guid(85100f2846b96ab4db6a40b985d86c31) Importer(815301076,1909f56bfc062723c751e8b465ee728b)  -> (artifact id: '9f03f1b2caf55ea213619c70540cad3d') in 0.159739 seconds
Number of updated asset objects reloaded before import = 0
Number of asset objects unloaded after import = 1
========================================================================
Received Import Request.
  Time since last request: 0.000033 seconds.
  path: Assets/Feel/MMFeedbacks/Demos/MMFeedbacksDemo/Models/MMBurger.fbx
  artifactKey: Guid(10f1060b18f7ba34f92053a256e89d10) Importer(815301076,1909f56bfc062723c751e8b465ee728b)
Start importing Assets/Feel/MMFeedbacks/Demos/MMFeedbacksDemo/Models/MMBurger.fbx using Guid(10f1060b18f7ba34f92053a256e89d10) Importer(815301076,1909f56bfc062723c751e8b465ee728b)  -> (artifact id: '9c366db6fd77024d36c3ce5352d184a3') in 0.123002 seconds
Number of updated asset objects reloaded before import = 0
Number of asset objects unloaded after import = 61
========================================================================
Received Import Request.
  Time since last request: 0.000015 seconds.
  path: Assets/Feel/MMFeedbacks/Demos/MMFeedbacksDemo/Materials/FeedbacksDemoGround.mat
  artifactKey: Guid(da3882387fa6d2d408298e1a82fbf9ed) Importer(815301076,1909f56bfc062723c751e8b465ee728b)
Start importing Assets/Feel/MMFeedbacks/Demos/MMFeedbacksDemo/Materials/FeedbacksDemoGround.mat using Guid(da3882387fa6d2d408298e1a82fbf9ed) Importer(815301076,1909f56bfc062723c751e8b465ee728b)  -> (artifact id: '624e4ac5cfc9825932f471cae7ffa814') in 0.012301 seconds
Number of updated asset objects reloaded before import = 0
Number of asset objects unloaded after import = 3
========================================================================
Received Import Request.
  Time since last request: 0.000013 seconds.
  path: Assets/Feel/MMFeedbacks/Demos/MMFeedbacksDemo/Materials/FeedbacksDemoGroundRocks.mat
  artifactKey: Guid(8b80d96aef31b7b42927634a8a768ed6) Importer(815301076,1909f56bfc062723c751e8b465ee728b)
Start importing Assets/Feel/MMFeedbacks/Demos/MMFeedbacksDemo/Materials/FeedbacksDemoGroundRocks.mat using Guid(8b80d96aef31b7b42927634a8a768ed6) Importer(815301076,1909f56bfc062723c751e8b465ee728b)  -> (artifact id: 'ebe79ffa30f197721deeeeef5962a656') in 0.013033 seconds
Number of updated asset objects reloaded before import = 0
Number of asset objects unloaded after import = 2
========================================================================
Received Import Request.
  Time since last request: 0.000036 seconds.
  path: Assets/Feel/NiceVibrations/Demo/_Common/Shaders/CurveMaterial.mat
  artifactKey: Guid(7a07c61d1ae789245be27cd71b29fb47) Importer(815301076,1909f56bfc062723c751e8b465ee728b)
Start importing Assets/Feel/NiceVibrations/Demo/_Common/Shaders/CurveMaterial.mat using Guid(7a07c61d1ae789245be27cd71b29fb47) Importer(815301076,1909f56bfc062723c751e8b465ee728b)  -> (artifact id: 'c660eb9cfa4910e8b1f4b35dd32969bf') in 0.015673 seconds
Number of updated asset objects reloaded before import = 0
Number of asset objects unloaded after import = 1
========================================================================
Received Import Request.
  Time since last request: 0.000126 seconds.
  path: Assets/Feel/MMFeedbacks/Demos/MMFeedbacksDemo/Materials/FeedbacksDemoDudeBody.mat
  artifactKey: Guid(440eacb0793ae0546b9f287ef399ee84) Importer(815301076,1909f56bfc062723c751e8b465ee728b)
Start importing Assets/Feel/MMFeedbacks/Demos/MMFeedbacksDemo/Materials/FeedbacksDemoDudeBody.mat using Guid(440eacb0793ae0546b9f287ef399ee84) Importer(815301076,1909f56bfc062723c751e8b465ee728b)  -> (artifact id: '5fdaee70d11ce21df81b4acc90d5b292') in 0.019120 seconds
Number of updated asset objects reloaded before import = 0
Number of asset objects unloaded after import = 5
Editor requested this worker to shutdown with reason: Scaling down because of idle timeout
TcpMessagingSession - receive error: operation aborted. errorcode: 995, details: The I/O operation has been aborted because of either a thread exit or an application request.
AssetImportWorker is now disconnected from the server
Process exiting
Exiting without the bug reporter. Application will terminate with return code 0