Using pre-set license
Built from '2022.3/staging' branch; Version is '2022.3.8f1 (b5eafc012955) revision 11922172'; Using compiler version '192829333'; Build Type 'Release'
OS: 'Windows 11  (10.0.22621) 64bit Core' Language: 'en' Physical Memory: 32507 MB
BatchMode: 1, IsHumanControllingUs: 0, StartBugReporterOnCrash: 0, Is64bit: 1, IsPro: 1

COMMAND LINE ARGUMENTS:
C:\Program Files\Unity\Hub\Editor\2022.3.8f1\Editor\Unity.exe
-adb2
-batchMode
-noUpm
-name
AssetImportWorker4
-projectPath
C:/Users/evasq/OneDrive/Escritorio/My-Muffin/My Muffin
-logFile
Logs/AssetImportWorker4.log
-srvPort
61584
Successfully changed project path to: C:/Users/evasq/OneDrive/Escritorio/My-Muffin/My Muffin
C:/Users/evasq/OneDrive/Escritorio/My-Muffin/My Muffin
[UnityMemory] Configuration Parameters - Can be set up in boot.config
    "memorysetup-bucket-allocator-granularity=16"
    "memorysetup-bucket-allocator-bucket-count=8"
    "memorysetup-bucket-allocator-block-size=33554432"
    "memorysetup-bucket-allocator-block-count=8"
    "memorysetup-main-allocator-block-size=16777216"
    "memorysetup-thread-allocator-block-size=16777216"
    "memorysetup-gfx-main-allocator-block-size=16777216"
    "memorysetup-gfx-thread-allocator-block-size=16777216"
    "memorysetup-cache-allocator-block-size=4194304"
    "memorysetup-typetree-allocator-block-size=2097152"
    "memorysetup-profiler-bucket-allocator-granularity=16"
    "memorysetup-profiler-bucket-allocator-bucket-count=8"
    "memorysetup-profiler-bucket-allocator-block-size=33554432"
    "memorysetup-profiler-bucket-allocator-block-count=8"
    "memorysetup-profiler-allocator-block-size=16777216"
    "memorysetup-profiler-editor-allocator-block-size=1048576"
    "memorysetup-temp-allocator-size-main=16777216"
    "memorysetup-job-temp-allocator-block-size=2097152"
    "memorysetup-job-temp-allocator-block-size-background=1048576"
    "memorysetup-job-temp-allocator-reduction-small-platforms=262144"
    "memorysetup-allocator-temp-initial-block-size-main=262144"
    "memorysetup-allocator-temp-initial-block-size-worker=262144"
    "memorysetup-temp-allocator-size-background-worker=32768"
    "memorysetup-temp-allocator-size-job-worker=262144"
    "memorysetup-temp-allocator-size-preload-manager=33554432"
    "memorysetup-temp-allocator-size-nav-mesh-worker=65536"
    "memorysetup-temp-allocator-size-audio-worker=65536"
    "memorysetup-temp-allocator-size-cloud-worker=32768"
    "memorysetup-temp-allocator-size-gi-baking-worker=262144"
    "memorysetup-temp-allocator-size-gfx=262144"
Player connection [47820] Host "[IP] 192.168.86.52 [Port] 0 [Flags] 2 [Guid] 3079771278 [EditorId] 3079771278 [Version] 1048832 [Id] WindowsEditor(7,Edu_Legion) [Debug] 1 [PackageName] WindowsEditor [ProjectName] Editor" joined multi-casting on [225.0.0.222:54997]...

Player connection [47820] Host "[IP] 192.168.86.52 [Port] 0 [Flags] 2 [Guid] 3079771278 [EditorId] 3079771278 [Version] 1048832 [Id] WindowsEditor(7,Edu_Legion) [Debug] 1 [PackageName] WindowsEditor [ProjectName] Editor" joined alternative multi-casting on [225.0.0.222:34997]...

[Physics::Module] Initialized MultithreadedJobDispatcher with 31 workers.
Refreshing native plugins compatible for Editor in 11.51 ms, found 4 plugins.
Preloading 0 native plugins for Editor in 0.00 ms.
Initialize engine version: 2022.3.8f1 (b5eafc012955)
[Subsystems] Discovering subsystems at path C:/Program Files/Unity/Hub/Editor/2022.3.8f1/Editor/Data/Resources/UnitySubsystems
[Subsystems] Discovering subsystems at path C:/Users/evasq/OneDrive/Escritorio/My-Muffin/My Muffin/Assets
GfxDevice: creating device client; threaded=0; jobified=0
Direct3D:
    Version:  Direct3D 11.0 [level 11.1]
    Renderer: NVIDIA GeForce RTX 4070 Laptop GPU (ID=0x2860)
    Vendor:   NVIDIA
    VRAM:     7962 MB
    Driver:   31.0.15.3210
Shader 'MoreMountains/MMRipple': fallback shader 'Particle/AlphaBlended' not found
Initialize mono
Mono path[0] = 'C:/Program Files/Unity/Hub/Editor/2022.3.8f1/Editor/Data/Managed'
Mono path[1] = 'C:/Program Files/Unity/Hub/Editor/2022.3.8f1/Editor/Data/MonoBleedingEdge/lib/mono/unityjit-win32'
Mono config path = 'C:/Program Files/Unity/Hub/Editor/2022.3.8f1/Editor/Data/MonoBleedingEdge/etc'
Using monoOptions --debugger-agent=transport=dt_socket,embedding=1,server=y,suspend=n,address=127.0.0.1:56968
Begin MonoManager ReloadAssembly
Registering precompiled unity dll's ...
Register platform support module: C:/Program Files/Unity/Hub/Editor/2022.3.8f1/Editor/Data/PlaybackEngines/WebGLSupport/UnityEditor.WebGL.Extensions.dll
Register platform support module: C:/Program Files/Unity/Hub/Editor/2022.3.8f1/Editor/Data/PlaybackEngines/MacStandaloneSupport/UnityEditor.OSXStandalone.Extensions.dll
Register platform support module: C:/Program Files/Unity/Hub/Editor/2022.3.8f1/Editor/Data/PlaybackEngines/AndroidPlayer/UnityEditor.Android.Extensions.dll
Register platform support module: C:/Program Files/Unity/Hub/Editor/2022.3.8f1/Editor/Data/PlaybackEngines/iOSSupport/UnityEditor.iOS.Extensions.dll
Register platform support module: C:/Program Files/Unity/Hub/Editor/2022.3.8f1/Editor/Data/PlaybackEngines/WindowsStandaloneSupport/UnityEditor.WindowsStandalone.Extensions.dll
Register platform support module: C:/Program Files/Unity/Hub/Editor/2022.3.8f1/Editor/Data/PlaybackEngines/MetroSupport/UnityEditor.UWP.Extensions.dll
Registered in 0.009237 seconds.
- Loaded All Assemblies, in  0.285 seconds
Native extension for UWP target not found
Native extension for WindowsStandalone target not found
[usbmuxd] Start listen thread
[usbmuxd] Listen thread started
Native extension for iOS target not found
Native extension for Android target not found
Android Extension - Scanning For ADB Devices 366 ms
Native extension for OSXStandalone target not found
Native extension for WebGL target not found
Mono: successfully reloaded assembly
- Finished resetting the current domain, in  0.603 seconds
Domain Reload Profiling: 887ms
	BeginReloadAssembly (87ms)
		ExecutionOrderSort (0ms)
		DisableScriptedObjects (0ms)
		BackupInstance (0ms)
		ReleaseScriptingObjects (0ms)
		CreateAndSetChildDomain (1ms)
	RebuildCommonClasses (29ms)
	RebuildNativeTypeToScriptingClass (10ms)
	initialDomainReloadingComplete (46ms)
	LoadAllAssembliesAndSetupDomain (111ms)
		LoadAssemblies (87ms)
		RebuildTransferFunctionScriptingTraits (0ms)
		AnalyzeDomain (109ms)
			TypeCache.Refresh (108ms)
				TypeCache.ScanAssembly (99ms)
			ScanForSourceGeneratedMonoScriptInfo (0ms)
			ResolveRequiredComponents (0ms)
	FinalizeReload (604ms)
		ReleaseScriptCaches (0ms)
		RebuildScriptCaches (0ms)
		SetupLoadedEditorAssemblies (560ms)
			LogAssemblyErrors (0ms)
			InitializePlatformSupportModulesInManaged (463ms)
			SetLoadedEditorAssemblies (4ms)
			RefreshPlugins (0ms)
			BeforeProcessingInitializeOnLoad (2ms)
			ProcessInitializeOnLoadAttributes (63ms)
			ProcessInitializeOnLoadMethodAttributes (29ms)
			AfterProcessingInitializeOnLoad (0ms)
			EditorAssembliesLoaded (0ms)
		ExecutionOrderSort2 (0ms)
		AwakeInstancesAfterBackupRestoration (0ms)
========================================================================
Worker process is ready to serve import requests
Begin MonoManager ReloadAssembly
- Loaded All Assemblies, in  0.577 seconds
Refreshing native plugins compatible for Editor in 4.76 ms, found 4 plugins.
Native extension for UWP target not found
Native extension for WindowsStandalone target not found
Native extension for iOS target not found
Native extension for Android target not found
Native extension for OSXStandalone target not found
Native extension for WebGL target not found
[ScriptCompilation] NOT recompiling all scripts because this is an import worker process. Reason to compile was: Define symbols changed
Package Manager log level set to [2]
[Package Manager] Server::EnsureServerProcessIsRunning -- launch failed, reason: Unity was launched with the -noUpm command-line argument
[Package Manager] UpmClient::Send -- Unable to send message (not connected to UPM process).
[Package Manager] Cannot connect to Unity Package Manager local server
Mono: successfully reloaded assembly
- Finished resetting the current domain, in  0.612 seconds
Domain Reload Profiling: 1188ms
	BeginReloadAssembly (106ms)
		ExecutionOrderSort (0ms)
		DisableScriptedObjects (4ms)
		BackupInstance (0ms)
		ReleaseScriptingObjects (0ms)
		CreateAndSetChildDomain (17ms)
	RebuildCommonClasses (28ms)
	RebuildNativeTypeToScriptingClass (10ms)
	initialDomainReloadingComplete (60ms)
	LoadAllAssembliesAndSetupDomain (371ms)
		LoadAssemblies (260ms)
		RebuildTransferFunctionScriptingTraits (0ms)
		AnalyzeDomain (170ms)
			TypeCache.Refresh (145ms)
				TypeCache.ScanAssembly (129ms)
			ScanForSourceGeneratedMonoScriptInfo (15ms)
			ResolveRequiredComponents (9ms)
	FinalizeReload (613ms)
		ReleaseScriptCaches (0ms)
		RebuildScriptCaches (0ms)
		SetupLoadedEditorAssemblies (478ms)
			LogAssemblyErrors (0ms)
			InitializePlatformSupportModulesInManaged (27ms)
			SetLoadedEditorAssemblies (4ms)
			RefreshPlugins (0ms)
			BeforeProcessingInitializeOnLoad (50ms)
			ProcessInitializeOnLoadAttributes (372ms)
			ProcessInitializeOnLoadMethodAttributes (22ms)
			AfterProcessingInitializeOnLoad (3ms)
			EditorAssembliesLoaded (0ms)
		ExecutionOrderSort2 (0ms)
		AwakeInstancesAfterBackupRestoration (4ms)
Shader 'MoreMountains/MMRipple': fallback shader 'Particle/AlphaBlended' not found
Launched and connected shader compiler UnityShaderCompiler.exe after 0.06 seconds
Refreshing native plugins compatible for Editor in 5.37 ms, found 4 plugins.
Preloading 0 native plugins for Editor in 0.00 ms.
Unloading 4096 Unused Serialized files (Serialized files now loaded: 0)
Unloading 44 unused Assets / (62.0 KB). Loaded Objects now: 4681.
Memory consumption went from 231.4 MB to 231.4 MB.
Total: 4.824700 ms (FindLiveObjects: 0.301700 ms CreateObjectMapping: 0.126600 ms MarkObjects: 4.184800 ms  DeleteObjects: 0.210400 ms)

AssetImportParameters requested are different than current active one (requested -> active):
  custom:container-demuxer-ogg: 62fdf1f143b41e24485cea50d1cbac27 -> 
  custom:video-codec-MediaFoundation-h265: 746d11721c4dcdbdad8f713fa42b33f4 -> 
  custom:video-decoder-ogg-theora: a1e56fd34408186e4bbccfd4996cb3dc -> 
  custom:framework-win-MediaFoundation: 216162199b28c13a410421893ffa2e32 -> 
  custom:CustomObjectIndexerAttribute: 756ad292c208cfabdd7b50bc23989ffe -> 
  custom:container-demuxer-webm: 4f35f7cbe854078d1ac9338744f61a02 -> 
  custom:container-muxer-webm: aa71ff27fc2769a1b78a27578f13a17b -> 
  custom:video-decoder-webm-vp8: 9c59270c3fd7afecdb556c50c9e8de78 -> 
  custom:SearchIndexIgnoredProperties: e643bd26f0fe6173181afceb89e7c659 -> 
  custom:AudioImporter_EditorPlatform: d09bf68614088b80899f8185d706f6e7 -> 
  custom:video-encoder-webm-vp8: eb34c28f22e8b96e1ab97ce403110664 -> 
  custom:audio-decoder-ogg-vorbis: bf7c407c2cedff20999df2af8eb42d56 -> 
  custom:audio-encoder-webm-vorbis: bf7c407c2cedff20999df2af8eb42d56 -> 
========================================================================
Received Import Request.
  Time since last request: 526693.473504 seconds.
  path: Assets/Feel/MMTools/Tools/MMVFX/MMRipple/MMRippleSaw1.mat
  artifactKey: Guid(b5cfff2a54f297f469c90648588cb9dc) Importer(815301076,1909f56bfc062723c751e8b465ee728b)
Start importing Assets/Feel/MMTools/Tools/MMVFX/MMRipple/MMRippleSaw1.mat using Guid(b5cfff2a54f297f469c90648588cb9dc) Importer(815301076,1909f56bfc062723c751e8b465ee728b)  -> (artifact id: '2c750db9d227a778972ccb13390b73d5') in 0.080882 seconds
Number of updated asset objects reloaded before import = 0
Number of asset objects unloaded after import = 2
========================================================================
Received Import Request.
  Time since last request: 0.000021 seconds.
  path: Assets/Feel/MMTools/Tools/MMVFX/MMRipple/MMRippleSquare1.mat
  artifactKey: Guid(30999785952518745bcc38ddb320af2f) Importer(815301076,1909f56bfc062723c751e8b465ee728b)
Start importing Assets/Feel/MMTools/Tools/MMVFX/MMRipple/MMRippleSquare1.mat using Guid(30999785952518745bcc38ddb320af2f) Importer(815301076,1909f56bfc062723c751e8b465ee728b)  -> (artifact id: '132b7facb9f5e7c65c6f81f00ee4262f') in 0.015876 seconds
Number of updated asset objects reloaded before import = 0
Number of asset objects unloaded after import = 2
========================================================================
Received Import Request.
  Time since last request: 0.000015 seconds.
  path: Assets/Feel/NiceVibrations/Demo/DemoAssets/BallDemo/Sprites/NVBallParticle.mat
  artifactKey: Guid(a8a95ed47c80ace44ac20124ba5fabaa) Importer(815301076,1909f56bfc062723c751e8b465ee728b)
Start importing Assets/Feel/NiceVibrations/Demo/DemoAssets/BallDemo/Sprites/NVBallParticle.mat using Guid(a8a95ed47c80ace44ac20124ba5fabaa) Importer(815301076,1909f56bfc062723c751e8b465ee728b)  -> (artifact id: '5a4454e7283eaf6937823674e6011bf9') in 0.050121 seconds
Number of updated asset objects reloaded before import = 0
Number of asset objects unloaded after import = 2
========================================================================
Received Import Request.
  Time since last request: 0.000014 seconds.
  path: Assets/Feel/MMTools/Tools/MMPrototypeTextures/MMBRP_Materials/MMBPR_BlueDots.mat
  artifactKey: Guid(391d11fb65b61014eb313e127073582f) Importer(815301076,1909f56bfc062723c751e8b465ee728b)
Start importing Assets/Feel/MMTools/Tools/MMPrototypeTextures/MMBRP_Materials/MMBPR_BlueDots.mat using Guid(391d11fb65b61014eb313e127073582f) Importer(815301076,1909f56bfc062723c751e8b465ee728b)  -> (artifact id: 'b5a346a4e43a63b8b12df583d1f9f2a9') in 0.212606 seconds
Number of updated asset objects reloaded before import = 0
Number of asset objects unloaded after import = 4
========================================================================
Received Import Request.
  Time since last request: 0.000159 seconds.
  path: Assets/Feel/MMTools/Tools/MMPrototypeTextures/MMBRP_Materials/MMBPR_YellowFrame.mat
  artifactKey: Guid(9d99964e7e8afe34b8ee7943eabcd19e) Importer(815301076,1909f56bfc062723c751e8b465ee728b)
Start importing Assets/Feel/MMTools/Tools/MMPrototypeTextures/MMBRP_Materials/MMBPR_YellowFrame.mat using Guid(9d99964e7e8afe34b8ee7943eabcd19e) Importer(815301076,1909f56bfc062723c751e8b465ee728b)  -> (artifact id: '6d58186f3f0890dff97cf75aef425ae9') in 0.021851 seconds
Number of updated asset objects reloaded before import = 0
Number of asset objects unloaded after import = 4
========================================================================
Received Import Request.
  Time since last request: 0.000013 seconds.
  path: Assets/Feel/MMFeedbacks/Demos/SequencingDemo/Materials/SequencerFabric06.mat
  artifactKey: Guid(ae6a11d25d0cb2b48aa36d9176875dce) Importer(815301076,1909f56bfc062723c751e8b465ee728b)
Start importing Assets/Feel/MMFeedbacks/Demos/SequencingDemo/Materials/SequencerFabric06.mat using Guid(ae6a11d25d0cb2b48aa36d9176875dce) Importer(815301076,1909f56bfc062723c751e8b465ee728b)  -> (artifact id: 'd9c72f740d4aa15f3e351ce8d0b080cb') in 0.200444 seconds
Number of updated asset objects reloaded before import = 0
Number of asset objects unloaded after import = 5
========================================================================
Received Import Request.
  Time since last request: 0.000013 seconds.
  path: Assets/Feel/MMTools/Demos/MMTween/Materials/MMPlotterLineMaterial.mat
  artifactKey: Guid(5a92d08a53a696f41b20d84ea487ab16) Importer(815301076,1909f56bfc062723c751e8b465ee728b)
Start importing Assets/Feel/MMTools/Demos/MMTween/Materials/MMPlotterLineMaterial.mat using Guid(5a92d08a53a696f41b20d84ea487ab16) Importer(815301076,1909f56bfc062723c751e8b465ee728b)  -> (artifact id: '27894d95a7a3bcf735fd7e8c9dea8d68') in 0.027867 seconds
Number of updated asset objects reloaded before import = 0
Number of asset objects unloaded after import = 1
========================================================================
Received Import Request.
  Time since last request: 0.000022 seconds.
  path: Assets/Feel/MMTools/Tools/MMPrototypeTextures/MMBRP_Materials/MMBPR_YellowDots.mat
  artifactKey: Guid(54ac4fc9dfd37074aab2e6bff0c2e6ca) Importer(815301076,1909f56bfc062723c751e8b465ee728b)
Start importing Assets/Feel/MMTools/Tools/MMPrototypeTextures/MMBRP_Materials/MMBPR_YellowDots.mat using Guid(54ac4fc9dfd37074aab2e6bff0c2e6ca) Importer(815301076,1909f56bfc062723c751e8b465ee728b)  -> (artifact id: 'e7162d8bec817ea64fccab054ee8c158') in 0.019893 seconds
Number of updated asset objects reloaded before import = 0
Number of asset objects unloaded after import = 4
========================================================================
Received Import Request.
  Time since last request: 0.000012 seconds.
  path: Assets/Feel/FeelDemos/Toaster/Models/FeelToasterMug.fbx
  artifactKey: Guid(e7170b34430d5ef44bb8add062be7881) Importer(815301076,1909f56bfc062723c751e8b465ee728b)
Start importing Assets/Feel/FeelDemos/Toaster/Models/FeelToasterMug.fbx using Guid(e7170b34430d5ef44bb8add062be7881) Importer(815301076,1909f56bfc062723c751e8b465ee728b)  -> (artifact id: 'bc25295a4a7ca69244e6388c3f02e4bd') in 0.122949 seconds
Number of updated asset objects reloaded before import = 0
Number of asset objects unloaded after import = 18
========================================================================
Received Import Request.
  Time since last request: 0.000012 seconds.
  path: Assets/Feel/MMFeedbacks/Demos/MMFeedbacksDemo/Models/Background/Background.fbx
  artifactKey: Guid(93667318b5de24146bffa2041c96fcd8) Importer(815301076,1909f56bfc062723c751e8b465ee728b)
Start importing Assets/Feel/MMFeedbacks/Demos/MMFeedbacksDemo/Models/Background/Background.fbx using Guid(93667318b5de24146bffa2041c96fcd8) Importer(815301076,1909f56bfc062723c751e8b465ee728b)  -> (artifact id: '4f79f4b9dee3661b76f7feb34068c78c') in 0.018864 seconds
Number of updated asset objects reloaded before import = 0
Number of asset objects unloaded after import = 9
========================================================================
Received Import Request.
  Time since last request: 0.000026 seconds.
  path: Assets/Feel/FeelDemosURP/Strike/Models/FeelStrikePinPhysicsMesh.fbx
  artifactKey: Guid(a8538baee4d903d45a759c0511b74253) Importer(815301076,1909f56bfc062723c751e8b465ee728b)
Start importing Assets/Feel/FeelDemosURP/Strike/Models/FeelStrikePinPhysicsMesh.fbx using Guid(a8538baee4d903d45a759c0511b74253) Importer(815301076,1909f56bfc062723c751e8b465ee728b)  -> (artifact id: 'e349b52f9df0e033378eac16a9b6b597') in 0.025283 seconds
Number of updated asset objects reloaded before import = 0
Number of asset objects unloaded after import = 9
========================================================================
Received Import Request.
  Time since last request: 0.000013 seconds.
  path: Assets/Feel/FeelDemos/Bounce/Models/FeelBounceBox.fbx
  artifactKey: Guid(c4201b7f5edf70a4e9272a77e04c947c) Importer(815301076,1909f56bfc062723c751e8b465ee728b)
Start importing Assets/Feel/FeelDemos/Bounce/Models/FeelBounceBox.fbx using Guid(c4201b7f5edf70a4e9272a77e04c947c) Importer(815301076,1909f56bfc062723c751e8b465ee728b)  -> (artifact id: '75bd2914f5b2b0078da6fa5fb927a044') in 0.179799 seconds
Number of updated asset objects reloaded before import = 0
Number of asset objects unloaded after import = 8
========================================================================
Received Import Request.
  Time since last request: 26.264462 seconds.
  path: Assets/Feel/FeelDemos/SquashAndStretch/Prefabs/FeelSquashAndStretchChalet.fbx
  artifactKey: Guid(a91729ce0c49b854f952180202ee6a72) Importer(815301076,1909f56bfc062723c751e8b465ee728b)
Start importing Assets/Feel/FeelDemos/SquashAndStretch/Prefabs/FeelSquashAndStretchChalet.fbx using Guid(a91729ce0c49b854f952180202ee6a72) Importer(815301076,1909f56bfc062723c751e8b465ee728b)  -> (artifact id: '703594c74d01eaf4e5dae507c50591a3') in 0.030370 seconds
Number of updated asset objects reloaded before import = 0
Number of asset objects unloaded after import = 9
========================================================================
Received Import Request.
  Time since last request: 0.001252 seconds.
  path: Assets/Feel/MMTools/Demos/MMTween/Fonts/Lato/TTF/Lato-Heavy.ttf
  artifactKey: Guid(010b82bc895978049b69aaf4b855d7ab) Importer(815301076,1909f56bfc062723c751e8b465ee728b)
Start importing Assets/Feel/MMTools/Demos/MMTween/Fonts/Lato/TTF/Lato-Heavy.ttf using Guid(010b82bc895978049b69aaf4b855d7ab) Importer(815301076,1909f56bfc062723c751e8b465ee728b)  -> (artifact id: 'b89c8c95fbbd35336f10a55b38337a1d') in 0.026338 seconds
Number of updated asset objects reloaded before import = 0
Number of asset objects unloaded after import = 4
========================================================================
Received Import Request.
  Time since last request: 1.067307 seconds.
  path: Assets/Feel/MMTools/Demos/MMTween/Fonts/Lato/TTF/Lato-Bold.ttf
  artifactKey: Guid(ae4e4b833eb9f63448b39edf3f03e309) Importer(815301076,1909f56bfc062723c751e8b465ee728b)
Start importing Assets/Feel/MMTools/Demos/MMTween/Fonts/Lato/TTF/Lato-Bold.ttf using Guid(ae4e4b833eb9f63448b39edf3f03e309) Importer(815301076,1909f56bfc062723c751e8b465ee728b)  -> (artifact id: '2a06a0dd2ba2b6cdf9d5bf0edbc270e2') in 0.015915 seconds
Number of updated asset objects reloaded before import = 0
Number of asset objects unloaded after import = 4
========================================================================
Received Import Request.
  Time since last request: 0.000012 seconds.
  path: Assets/Feel/NiceVibrations/Demo/_Common/Fonts/RobotoMono-Medium.ttf
  artifactKey: Guid(6c4b3165b37dc7046901fc3d4a0fcce5) Importer(815301076,1909f56bfc062723c751e8b465ee728b)
Start importing Assets/Feel/NiceVibrations/Demo/_Common/Fonts/RobotoMono-Medium.ttf using Guid(6c4b3165b37dc7046901fc3d4a0fcce5) Importer(815301076,1909f56bfc062723c751e8b465ee728b)  -> (artifact id: '697742a9563d2d931c30fc2894c471f1') in 0.037184 seconds
Number of updated asset objects reloaded before import = 0
Number of asset objects unloaded after import = 4
========================================================================
Received Import Request.
  Time since last request: 0.036301 seconds.
  path: Assets/Feel/FeelDemos/Toaster/Materials/FeelToasterTableclothMaterial.mat
  artifactKey: Guid(8fc615b6a26fae147a93177abdda82ec) Importer(815301076,1909f56bfc062723c751e8b465ee728b)
Start importing Assets/Feel/FeelDemos/Toaster/Materials/FeelToasterTableclothMaterial.mat using Guid(8fc615b6a26fae147a93177abdda82ec) Importer(815301076,1909f56bfc062723c751e8b465ee728b)  -> (artifact id: '9f0aac50a6c19c7bfe2514724f429304') in 0.015068 seconds
Number of updated asset objects reloaded before import = 0
Number of asset objects unloaded after import = 2
========================================================================
Received Import Request.
  Time since last request: 0.000013 seconds.
  path: Assets/Feel/FeelDemos/Wheel/Materials/FeelWheelSparksMaterial.mat
  artifactKey: Guid(126e6e5ac31eb45e7892ac68883bb6e4) Importer(815301076,1909f56bfc062723c751e8b465ee728b)
Start importing Assets/Feel/FeelDemos/Wheel/Materials/FeelWheelSparksMaterial.mat using Guid(126e6e5ac31eb45e7892ac68883bb6e4) Importer(815301076,1909f56bfc062723c751e8b465ee728b)  -> (artifact id: '59391284edad2400101b578160374a4f') in 0.022130 seconds
Number of updated asset objects reloaded before import = 0
Number of asset objects unloaded after import = 1
========================================================================
Received Import Request.
  Time since last request: 0.000167 seconds.
  path: Assets/Feel/MMTools/Demos/MMTween/Fonts/Lato/TTF/Lato-Hairline.ttf
  artifactKey: Guid(268e79bc7d26d5f4eba730c096c20174) Importer(815301076,1909f56bfc062723c751e8b465ee728b)
Start importing Assets/Feel/MMTools/Demos/MMTween/Fonts/Lato/TTF/Lato-Hairline.ttf using Guid(268e79bc7d26d5f4eba730c096c20174) Importer(815301076,1909f56bfc062723c751e8b465ee728b)  -> (artifact id: '3bdfcbae81875f3bf2cc66b1120859dc') in 0.022412 seconds
Number of updated asset objects reloaded before import = 0
Number of asset objects unloaded after import = 4
========================================================================
Received Import Request.
  Time since last request: 0.484909 seconds.
  path: Assets/Feel/FeelDemos/Tactical/Materials/FeelTacticalBulletImpactSpriteMaterial.mat
  artifactKey: Guid(eba9651255413be4ab4674afcbec9117) Importer(815301076,1909f56bfc062723c751e8b465ee728b)
Start importing Assets/Feel/FeelDemos/Tactical/Materials/FeelTacticalBulletImpactSpriteMaterial.mat using Guid(eba9651255413be4ab4674afcbec9117) Importer(815301076,1909f56bfc062723c751e8b465ee728b)  -> (artifact id: '856730941069f719c2b8dac16df1e178') in 0.013415 seconds
Number of updated asset objects reloaded before import = 0
Number of asset objects unloaded after import = 1
========================================================================
Received Import Request.
  Time since last request: 0.000090 seconds.
  path: Assets/Feel/FeelDemos/Toaster/Materials/FeelToasterMugMaterial.mat
  artifactKey: Guid(f14dd1b35629eb44b85455e276cab64a) Importer(815301076,1909f56bfc062723c751e8b465ee728b)
Start importing Assets/Feel/FeelDemos/Toaster/Materials/FeelToasterMugMaterial.mat using Guid(f14dd1b35629eb44b85455e276cab64a) Importer(815301076,1909f56bfc062723c751e8b465ee728b)  -> (artifact id: '3099a6614ff06b56843f1afa686fe6ec') in 0.014955 seconds
Number of updated asset objects reloaded before import = 0
Number of asset objects unloaded after import = 1
========================================================================
Received Import Request.
  Time since last request: 0.047127 seconds.
  path: Assets/Feel/FeelDemos/SquashAndStretch/Materials/FeelSquashAndStretchSmoke.mat
  artifactKey: Guid(34b3fb30bc8f420428a2c618064a629a) Importer(815301076,1909f56bfc062723c751e8b465ee728b)
Start importing Assets/Feel/FeelDemos/SquashAndStretch/Materials/FeelSquashAndStretchSmoke.mat using Guid(34b3fb30bc8f420428a2c618064a629a) Importer(815301076,1909f56bfc062723c751e8b465ee728b)  -> (artifact id: 'b5090670f6cf1abd33067ddca219d835') in 0.063535 seconds
Number of updated asset objects reloaded before import = 0
Number of asset objects unloaded after import = 1
========================================================================
Received Import Request.
  Time since last request: 0.000296 seconds.
  path: Assets/Feel/FeelDemos/SquashAndStretch/Materials/FeelSquashAndStretchCarBodyBlue.mat
  artifactKey: Guid(62deb903dafe4dd46b6ad474250fade3) Importer(815301076,1909f56bfc062723c751e8b465ee728b)
Start importing Assets/Feel/FeelDemos/SquashAndStretch/Materials/FeelSquashAndStretchCarBodyBlue.mat using Guid(62deb903dafe4dd46b6ad474250fade3) Importer(815301076,1909f56bfc062723c751e8b465ee728b)  -> (artifact id: '01ad68ffea07bbb9c07b39c23909e1be') in 0.146408 seconds
Number of updated asset objects reloaded before import = 0
Number of asset objects unloaded after import = 3
========================================================================
Received Import Request.
  Time since last request: 0.000017 seconds.
  path: Assets/Feel/FeelDemos/SquashAndStretch/Materials/FeelSquashAndStretchCarWindows.mat
  artifactKey: Guid(bcccb1dbee2db4d4598ec4f227506175) Importer(815301076,1909f56bfc062723c751e8b465ee728b)
Start importing Assets/Feel/FeelDemos/SquashAndStretch/Materials/FeelSquashAndStretchCarWindows.mat using Guid(bcccb1dbee2db4d4598ec4f227506175) Importer(815301076,1909f56bfc062723c751e8b465ee728b)  -> (artifact id: 'fe71090a3114251b0523505b07fc4b80') in 0.019333 seconds
Number of updated asset objects reloaded before import = 0
Number of asset objects unloaded after import = 3
========================================================================
Received Import Request.
  Time since last request: 43.870007 seconds.
  path: Assets/Feel/FeelDemos/Letters/Materials/FeelLettersDemoSingMaterial.mat
  artifactKey: Guid(c82459d2f97aade4caf43f9372eb7f02) Importer(815301076,1909f56bfc062723c751e8b465ee728b)
Start importing Assets/Feel/FeelDemos/Letters/Materials/FeelLettersDemoSingMaterial.mat using Guid(c82459d2f97aade4caf43f9372eb7f02) Importer(815301076,1909f56bfc062723c751e8b465ee728b)  -> (artifact id: 'faa1af0d3aeb2098200ee734e8d17560') in 0.058504 seconds
Number of updated asset objects reloaded before import = 0
Number of asset objects unloaded after import = 2
========================================================================
Received Import Request.
  Time since last request: 0.305641 seconds.
  path: Assets/Feel/FeelDemosHDRP/Falcon/Materials/FeelFalconRockPlane.mat
  artifactKey: Guid(491c9e2fc7291f549919642c4f3e32c0) Importer(815301076,1909f56bfc062723c751e8b465ee728b)
Start importing Assets/Feel/FeelDemosHDRP/Falcon/Materials/FeelFalconRockPlane.mat using Guid(491c9e2fc7291f549919642c4f3e32c0) Importer(815301076,1909f56bfc062723c751e8b465ee728b)  -> (artifact id: '40035ca22fd6d0b03886aecbb46b7bb1') in 0.011029 seconds
Number of updated asset objects reloaded before import = 0
Number of asset objects unloaded after import = 4
========================================================================
Received Import Request.
  Time since last request: 0.000046 seconds.
  path: Assets/Feel/FeelDemos/Letters/Materials/FeelLettersDemoBoilingLineSmall.mat
  artifactKey: Guid(bce8d937c3bd4b040b410056d6224dff) Importer(815301076,1909f56bfc062723c751e8b465ee728b)
Start importing Assets/Feel/FeelDemos/Letters/Materials/FeelLettersDemoBoilingLineSmall.mat using Guid(bce8d937c3bd4b040b410056d6224dff) Importer(815301076,1909f56bfc062723c751e8b465ee728b)  -> (artifact id: '1fd55ec35ffe3db5c342d45026b991cc') in 0.024867 seconds
Number of updated asset objects reloaded before import = 0
Number of asset objects unloaded after import = 2
========================================================================
Received Import Request.
  Time since last request: 0.012294 seconds.
  path: Assets/Feel/FeelDemos/Brass/Materials/FeelBrassGround1.mat
  artifactKey: Guid(a2a9867d32ed406488136cf9d81265a4) Importer(815301076,1909f56bfc062723c751e8b465ee728b)
Start importing Assets/Feel/FeelDemos/Brass/Materials/FeelBrassGround1.mat using Guid(a2a9867d32ed406488136cf9d81265a4) Importer(815301076,1909f56bfc062723c751e8b465ee728b)  -> (artifact id: 'ea98ccbd62b183aee418211000de0a0c') in 0.169674 seconds
Number of updated asset objects reloaded before import = 0
Number of asset objects unloaded after import = 4
========================================================================
Received Import Request.
  Time since last request: 0.861046 seconds.
  path: Assets/Feel/FeelDemos/Bounce/Materials/FeelBounceHelmetHornsMaterial.mat
  artifactKey: Guid(1a4822eecd49a0b49a4689ff4e92fa67) Importer(815301076,1909f56bfc062723c751e8b465ee728b)
Start importing Assets/Feel/FeelDemos/Bounce/Materials/FeelBounceHelmetHornsMaterial.mat using Guid(1a4822eecd49a0b49a4689ff4e92fa67) Importer(815301076,1909f56bfc062723c751e8b465ee728b)  -> (artifact id: '47502efcd34353fd2d4bcda897b290ca') in 4.432045 seconds
Number of updated asset objects reloaded before import = 0
Number of asset objects unloaded after import = 1
========================================================================
Received Import Request.
  Time since last request: 0.000022 seconds.
  path: Assets/Feel/MMFeedbacks/Demos/MMFeedbacksDemo/Models/MMApple.fbx
  artifactKey: Guid(98ad67e4ae4dbb54eb05b761fb2a2c02) Importer(815301076,1909f56bfc062723c751e8b465ee728b)
Start importing Assets/Feel/MMFeedbacks/Demos/MMFeedbacksDemo/Models/MMApple.fbx using Guid(98ad67e4ae4dbb54eb05b761fb2a2c02) Importer(815301076,1909f56bfc062723c751e8b465ee728b)  -> (artifact id: '18e8a0eba5e923c7d329218121c2d49b') in 0.070017 seconds
Number of updated asset objects reloaded before import = 0
Number of asset objects unloaded after import = 33
========================================================================
Received Import Request.
  Time since last request: 0.000033 seconds.
  path: Assets/Feel/MMFeedbacks/Demos/SequencingDemo/Materials/CubeMaterial.mat
  artifactKey: Guid(328a7fdf09a182f439b02087c34413cc) Importer(815301076,1909f56bfc062723c751e8b465ee728b)
Start importing Assets/Feel/MMFeedbacks/Demos/SequencingDemo/Materials/CubeMaterial.mat using Guid(328a7fdf09a182f439b02087c34413cc) Importer(815301076,1909f56bfc062723c751e8b465ee728b)  -> (artifact id: 'c17c3882cd9567ef0917337a743fb5a1') in 0.175055 seconds
Number of updated asset objects reloaded before import = 0
Number of asset objects unloaded after import = 1
========================================================================
Received Import Request.
  Time since last request: 0.000013 seconds.
  path: Assets/Feel/FeelDemos/Barbarians/Materials/FeelBarbarianAttack2ParticleMaterial.mat
  artifactKey: Guid(44d5f52774831c54da64bc233119bc93) Importer(815301076,1909f56bfc062723c751e8b465ee728b)
Start importing Assets/Feel/FeelDemos/Barbarians/Materials/FeelBarbarianAttack2ParticleMaterial.mat using Guid(44d5f52774831c54da64bc233119bc93) Importer(815301076,1909f56bfc062723c751e8b465ee728b)  -> (artifact id: '6caac3f0cf5e38b0bb53609d7b831463') in 0.028242 seconds
Number of updated asset objects reloaded before import = 0
Number of asset objects unloaded after import = 2
Editor requested this worker to shutdown with reason: Scaling down because of idle timeout
TcpMessagingSession - receive error: operation aborted. errorcode: 995, details: The I/O operation has been aborted because of either a thread exit or an application request.
AssetImportWorker is now disconnected from the server
Process exiting
Exiting without the bug reporter. Application will terminate with return code 0