Using pre-set license
Built from '2022.3/staging' branch; Version is '2022.3.8f1 (b5eafc012955) revision 11922172'; Using compiler version '192829333'; Build Type 'Release'
OS: 'Windows 11  (10.0.22621) 64bit Core' Language: 'en' Physical Memory: 32507 MB
BatchMode: 1, IsHumanControllingUs: 0, StartBugReporterOnCrash: 0, Is64bit: 1, IsPro: 1

COMMAND LINE ARGUMENTS:
C:\Program Files\Unity\Hub\Editor\2022.3.8f1\Editor\Unity.exe
-adb2
-batchMode
-noUpm
-name
AssetImportWorker7
-projectPath
C:/Users/evasq/OneDrive/Escritorio/My-Muffin/My Muffin
-logFile
Logs/AssetImportWorker7.log
-srvPort
57695
Successfully changed project path to: C:/Users/evasq/OneDrive/Escritorio/My-Muffin/My Muffin
C:/Users/evasq/OneDrive/Escritorio/My-Muffin/My Muffin
[UnityMemory] Configuration Parameters - Can be set up in boot.config
    "memorysetup-bucket-allocator-granularity=16"
    "memorysetup-bucket-allocator-bucket-count=8"
    "memorysetup-bucket-allocator-block-size=33554432"
    "memorysetup-bucket-allocator-block-count=8"
    "memorysetup-main-allocator-block-size=16777216"
    "memorysetup-thread-allocator-block-size=16777216"
    "memorysetup-gfx-main-allocator-block-size=16777216"
    "memorysetup-gfx-thread-allocator-block-size=16777216"
    "memorysetup-cache-allocator-block-size=4194304"
    "memorysetup-typetree-allocator-block-size=2097152"
    "memorysetup-profiler-bucket-allocator-granularity=16"
    "memorysetup-profiler-bucket-allocator-bucket-count=8"
    "memorysetup-profiler-bucket-allocator-block-size=33554432"
    "memorysetup-profiler-bucket-allocator-block-count=8"
    "memorysetup-profiler-allocator-block-size=16777216"
    "memorysetup-profiler-editor-allocator-block-size=1048576"
    "memorysetup-temp-allocator-size-main=16777216"
    "memorysetup-job-temp-allocator-block-size=2097152"
    "memorysetup-job-temp-allocator-block-size-background=1048576"
    "memorysetup-job-temp-allocator-reduction-small-platforms=262144"
    "memorysetup-allocator-temp-initial-block-size-main=262144"
    "memorysetup-allocator-temp-initial-block-size-worker=262144"
    "memorysetup-temp-allocator-size-background-worker=32768"
    "memorysetup-temp-allocator-size-job-worker=262144"
    "memorysetup-temp-allocator-size-preload-manager=33554432"
    "memorysetup-temp-allocator-size-nav-mesh-worker=65536"
    "memorysetup-temp-allocator-size-audio-worker=65536"
    "memorysetup-temp-allocator-size-cloud-worker=32768"
    "memorysetup-temp-allocator-size-gi-baking-worker=262144"
    "memorysetup-temp-allocator-size-gfx=262144"
Player connection [11752] Host "[IP] 192.168.86.52 [Port] 0 [Flags] 2 [Guid] 3203546048 [EditorId] 3203546048 [Version] 1048832 [Id] WindowsEditor(7,Edu_Legion) [Debug] 1 [PackageName] WindowsEditor [ProjectName] Editor" joined multi-casting on [225.0.0.222:54997]...

Player connection [11752] Host "[IP] 192.168.86.52 [Port] 0 [Flags] 2 [Guid] 3203546048 [EditorId] 3203546048 [Version] 1048832 [Id] WindowsEditor(7,Edu_Legion) [Debug] 1 [PackageName] WindowsEditor [ProjectName] Editor" joined alternative multi-casting on [225.0.0.222:34997]...

[Physics::Module] Initialized MultithreadedJobDispatcher with 31 workers.
Refreshing native plugins compatible for Editor in 7.80 ms, found 4 plugins.
Preloading 0 native plugins for Editor in 0.00 ms.
Initialize engine version: 2022.3.8f1 (b5eafc012955)
[Subsystems] Discovering subsystems at path C:/Program Files/Unity/Hub/Editor/2022.3.8f1/Editor/Data/Resources/UnitySubsystems
[Subsystems] Discovering subsystems at path C:/Users/evasq/OneDrive/Escritorio/My-Muffin/My Muffin/Assets
GfxDevice: creating device client; threaded=0; jobified=0
Direct3D:
    Version:  Direct3D 11.0 [level 11.1]
    Renderer: NVIDIA GeForce RTX 4070 Laptop GPU (ID=0x2860)
    Vendor:   NVIDIA
    VRAM:     7962 MB
    Driver:   31.0.15.3210
Shader 'MoreMountains/MMRipple': fallback shader 'Particle/AlphaBlended' not found
Initialize mono
Mono path[0] = 'C:/Program Files/Unity/Hub/Editor/2022.3.8f1/Editor/Data/Managed'
Mono path[1] = 'C:/Program Files/Unity/Hub/Editor/2022.3.8f1/Editor/Data/MonoBleedingEdge/lib/mono/unityjit-win32'
Mono config path = 'C:/Program Files/Unity/Hub/Editor/2022.3.8f1/Editor/Data/MonoBleedingEdge/etc'
Using monoOptions --debugger-agent=transport=dt_socket,embedding=1,server=y,suspend=n,address=127.0.0.1:56944
Begin MonoManager ReloadAssembly
Registering precompiled unity dll's ...
Register platform support module: C:/Program Files/Unity/Hub/Editor/2022.3.8f1/Editor/Data/PlaybackEngines/WebGLSupport/UnityEditor.WebGL.Extensions.dll
Register platform support module: C:/Program Files/Unity/Hub/Editor/2022.3.8f1/Editor/Data/PlaybackEngines/MacStandaloneSupport/UnityEditor.OSXStandalone.Extensions.dll
Register platform support module: C:/Program Files/Unity/Hub/Editor/2022.3.8f1/Editor/Data/PlaybackEngines/AndroidPlayer/UnityEditor.Android.Extensions.dll
Register platform support module: C:/Program Files/Unity/Hub/Editor/2022.3.8f1/Editor/Data/PlaybackEngines/iOSSupport/UnityEditor.iOS.Extensions.dll
Register platform support module: C:/Program Files/Unity/Hub/Editor/2022.3.8f1/Editor/Data/PlaybackEngines/WindowsStandaloneSupport/UnityEditor.WindowsStandalone.Extensions.dll
Register platform support module: C:/Program Files/Unity/Hub/Editor/2022.3.8f1/Editor/Data/PlaybackEngines/MetroSupport/UnityEditor.UWP.Extensions.dll
Registered in 0.012880 seconds.
- Loaded All Assemblies, in  0.337 seconds
Native extension for UWP target not found
Native extension for WindowsStandalone target not found
[usbmuxd] Start listen thread
[usbmuxd] Listen thread started
Native extension for iOS target not found
Native extension for Android target not found
Android Extension - Scanning For ADB Devices 318 ms
Native extension for OSXStandalone target not found
Native extension for WebGL target not found
Mono: successfully reloaded assembly
- Finished resetting the current domain, in  0.546 seconds
Domain Reload Profiling: 883ms
	BeginReloadAssembly (106ms)
		ExecutionOrderSort (0ms)
		DisableScriptedObjects (0ms)
		BackupInstance (0ms)
		ReleaseScriptingObjects (0ms)
		CreateAndSetChildDomain (1ms)
	RebuildCommonClasses (33ms)
	RebuildNativeTypeToScriptingClass (10ms)
	initialDomainReloadingComplete (57ms)
	LoadAllAssembliesAndSetupDomain (130ms)
		LoadAssemblies (106ms)
		RebuildTransferFunctionScriptingTraits (0ms)
		AnalyzeDomain (125ms)
			TypeCache.Refresh (124ms)
				TypeCache.ScanAssembly (115ms)
			ScanForSourceGeneratedMonoScriptInfo (0ms)
			ResolveRequiredComponents (0ms)
	FinalizeReload (546ms)
		ReleaseScriptCaches (0ms)
		RebuildScriptCaches (0ms)
		SetupLoadedEditorAssemblies (502ms)
			LogAssemblyErrors (0ms)
			InitializePlatformSupportModulesInManaged (409ms)
			SetLoadedEditorAssemblies (3ms)
			RefreshPlugins (0ms)
			BeforeProcessingInitializeOnLoad (1ms)
			ProcessInitializeOnLoadAttributes (53ms)
			ProcessInitializeOnLoadMethodAttributes (35ms)
			AfterProcessingInitializeOnLoad (0ms)
			EditorAssembliesLoaded (0ms)
		ExecutionOrderSort2 (0ms)
		AwakeInstancesAfterBackupRestoration (0ms)
========================================================================
Worker process is ready to serve import requests
Begin MonoManager ReloadAssembly
- Loaded All Assemblies, in  0.703 seconds
Refreshing native plugins compatible for Editor in 2.47 ms, found 4 plugins.
Native extension for UWP target not found
Native extension for WindowsStandalone target not found
Native extension for iOS target not found
Native extension for Android target not found
Native extension for OSXStandalone target not found
Native extension for WebGL target not found
Package Manager log level set to [2]
[Package Manager] Server::EnsureServerProcessIsRunning -- launch failed, reason: Unity was launched with the -noUpm command-line argument
[Package Manager] UpmClient::Send -- Unable to send message (not connected to UPM process).
[Package Manager] Cannot connect to Unity Package Manager local server
Mono: successfully reloaded assembly
- Finished resetting the current domain, in  0.511 seconds
Domain Reload Profiling: 1213ms
	BeginReloadAssembly (99ms)
		ExecutionOrderSort (0ms)
		DisableScriptedObjects (4ms)
		BackupInstance (0ms)
		ReleaseScriptingObjects (0ms)
		CreateAndSetChildDomain (15ms)
	RebuildCommonClasses (20ms)
	RebuildNativeTypeToScriptingClass (6ms)
	initialDomainReloadingComplete (52ms)
	LoadAllAssembliesAndSetupDomain (525ms)
		LoadAssemblies (412ms)
		RebuildTransferFunctionScriptingTraits (0ms)
		AnalyzeDomain (172ms)
			TypeCache.Refresh (149ms)
				TypeCache.ScanAssembly (129ms)
			ScanForSourceGeneratedMonoScriptInfo (13ms)
			ResolveRequiredComponents (8ms)
	FinalizeReload (511ms)
		ReleaseScriptCaches (0ms)
		RebuildScriptCaches (0ms)
		SetupLoadedEditorAssemblies (400ms)
			LogAssemblyErrors (0ms)
			InitializePlatformSupportModulesInManaged (22ms)
			SetLoadedEditorAssemblies (2ms)
			RefreshPlugins (0ms)
			BeforeProcessingInitializeOnLoad (38ms)
			ProcessInitializeOnLoadAttributes (322ms)
			ProcessInitializeOnLoadMethodAttributes (14ms)
			AfterProcessingInitializeOnLoad (3ms)
			EditorAssembliesLoaded (0ms)
		ExecutionOrderSort2 (0ms)
		AwakeInstancesAfterBackupRestoration (3ms)
Shader 'MoreMountains/MMRipple': fallback shader 'Particle/AlphaBlended' not found
Launched and connected shader compiler UnityShaderCompiler.exe after 0.04 seconds
Refreshing native plugins compatible for Editor in 3.26 ms, found 4 plugins.
Preloading 0 native plugins for Editor in 0.00 ms.
Unloading 4149 Unused Serialized files (Serialized files now loaded: 0)
Unloading 44 unused Assets / (62.0 KB). Loaded Objects now: 4738.
Memory consumption went from 233.2 MB to 233.1 MB.
Total: 2.976200 ms (FindLiveObjects: 0.180900 ms CreateObjectMapping: 0.073800 ms MarkObjects: 2.619200 ms  DeleteObjects: 0.101800 ms)

AssetImportParameters requested are different than current active one (requested -> active):
  custom:container-demuxer-ogg: 62fdf1f143b41e24485cea50d1cbac27 -> 
  custom:video-codec-MediaFoundation-h265: 746d11721c4dcdbdad8f713fa42b33f4 -> 
  custom:video-decoder-ogg-theora: a1e56fd34408186e4bbccfd4996cb3dc -> 
  custom:framework-win-MediaFoundation: 216162199b28c13a410421893ffa2e32 -> 
  custom:CustomObjectIndexerAttribute: 756ad292c208cfabdd7b50bc23989ffe -> 
  custom:container-demuxer-webm: 4f35f7cbe854078d1ac9338744f61a02 -> 
  custom:container-muxer-webm: aa71ff27fc2769a1b78a27578f13a17b -> 
  custom:video-decoder-webm-vp8: 9c59270c3fd7afecdb556c50c9e8de78 -> 
  custom:SearchIndexIgnoredProperties: e643bd26f0fe6173181afceb89e7c659 -> 
  custom:AudioImporter_EditorPlatform: d09bf68614088b80899f8185d706f6e7 -> 
  custom:video-encoder-webm-vp8: eb34c28f22e8b96e1ab97ce403110664 -> 
  custom:audio-decoder-ogg-vorbis: bf7c407c2cedff20999df2af8eb42d56 -> 
  custom:audio-encoder-webm-vorbis: bf7c407c2cedff20999df2af8eb42d56 -> 
========================================================================
Received Import Request.
  Time since last request: 421369.984820 seconds.
  path: Assets/Feel/MMFeedbacks/Demos/SequencingDemo/Materials/SequencerPaintedMetal.mat
  artifactKey: Guid(c010297598d35b24ea0bf283a1f77386) Importer(815301076,1909f56bfc062723c751e8b465ee728b)
Start importing Assets/Feel/MMFeedbacks/Demos/SequencingDemo/Materials/SequencerPaintedMetal.mat using Guid(c010297598d35b24ea0bf283a1f77386) Importer(815301076,1909f56bfc062723c751e8b465ee728b)  -> (artifact id: '209624d1a7a2985e7984d8c0819883dd') in 0.245483 seconds
Number of updated asset objects reloaded before import = 0
Number of asset objects unloaded after import = 5
========================================================================
Received Import Request.
  Time since last request: 0.820949 seconds.
  path: Assets/150+ Fantastic stylized unusual textures effects fantasy materials/Materials/Phoenix Feather/Phoenix Feather (8).mat
  artifactKey: Guid(e9a69ca091e30604a9d9f962a02611bf) Importer(815301076,1909f56bfc062723c751e8b465ee728b)
Start importing Assets/150+ Fantastic stylized unusual textures effects fantasy materials/Materials/Phoenix Feather/Phoenix Feather (8).mat using Guid(e9a69ca091e30604a9d9f962a02611bf) Importer(815301076,1909f56bfc062723c751e8b465ee728b)  -> (artifact id: '6083b55ea0ff24795a966469642c6bf5') in 0.054604 seconds
Number of updated asset objects reloaded before import = 0
Number of asset objects unloaded after import = 2
========================================================================
Received Import Request.
  Time since last request: 11.825270 seconds.
  path: Assets/Feel/MMFeedbacks/Demos/MMFeedbacksDemo/Models/MMCupcake.fbx
  artifactKey: Guid(9b87c0dd981e72b4abff6b56929b3e68) Importer(815301076,1909f56bfc062723c751e8b465ee728b)
Start importing Assets/Feel/MMFeedbacks/Demos/MMFeedbacksDemo/Models/MMCupcake.fbx using Guid(9b87c0dd981e72b4abff6b56929b3e68) Importer(815301076,1909f56bfc062723c751e8b465ee728b)  -> (artifact id: 'ef4f3f062b43e8453759f44cc9957a4b') in 0.259941 seconds
Number of updated asset objects reloaded before import = 0
Number of asset objects unloaded after import = 39
========================================================================
Received Import Request.
  Time since last request: 0.070785 seconds.
  path: Assets/150+ Fantastic stylized unusual textures effects fantasy materials/Materials/Mythical Forest Bark/Mythical Forest Bark (9).mat
  artifactKey: Guid(a3b191416c38ed34f99aa8cba7b9f0a3) Importer(815301076,1909f56bfc062723c751e8b465ee728b)
Start importing Assets/150+ Fantastic stylized unusual textures effects fantasy materials/Materials/Mythical Forest Bark/Mythical Forest Bark (9).mat using Guid(a3b191416c38ed34f99aa8cba7b9f0a3) Importer(815301076,1909f56bfc062723c751e8b465ee728b)  -> (artifact id: '1bf8d225ffcd7b5ed9d7cda3206c88a5') in 0.018740 seconds
Number of updated asset objects reloaded before import = 0
Number of asset objects unloaded after import = 2
========================================================================
Received Import Request.
  Time since last request: 0.000013 seconds.
  path: Assets/150+ Fantastic stylized unusual textures effects fantasy materials/Materials/Mystical Arcane Sigils/Mystical Arcane Sigils (1).mat
  artifactKey: Guid(c5d7e5a659d51db49ad37432cb7ad3d2) Importer(815301076,1909f56bfc062723c751e8b465ee728b)
Start importing Assets/150+ Fantastic stylized unusual textures effects fantasy materials/Materials/Mystical Arcane Sigils/Mystical Arcane Sigils (1).mat using Guid(c5d7e5a659d51db49ad37432cb7ad3d2) Importer(815301076,1909f56bfc062723c751e8b465ee728b)  -> (artifact id: '6cba3b2111c338e4c8a066c588711271') in 0.013524 seconds
Number of updated asset objects reloaded before import = 0
Number of asset objects unloaded after import = 2
========================================================================
Received Import Request.
  Time since last request: 0.000015 seconds.
  path: Assets/150+ Fantastic stylized unusual textures effects fantasy materials/Materials/Moonlit Ocean Ripples/Moonlit Ocean Ripples (8).mat
  artifactKey: Guid(5e30eda8a424a2145827358ae65a1851) Importer(815301076,1909f56bfc062723c751e8b465ee728b)
Start importing Assets/150+ Fantastic stylized unusual textures effects fantasy materials/Materials/Moonlit Ocean Ripples/Moonlit Ocean Ripples (8).mat using Guid(5e30eda8a424a2145827358ae65a1851) Importer(815301076,1909f56bfc062723c751e8b465ee728b)  -> (artifact id: 'f57776c4b9c184eca615810e3f78fb1c') in 0.015003 seconds
Number of updated asset objects reloaded before import = 0
Number of asset objects unloaded after import = 2
========================================================================
Received Import Request.
  Time since last request: 0.000017 seconds.
  path: Assets/150+ Fantastic stylized unusual textures effects fantasy materials/Materials/Mystical Arcane Sigils/Mystical Arcane Sigils (10).mat
  artifactKey: Guid(ff438f88203facf4382f35a74d09da39) Importer(815301076,1909f56bfc062723c751e8b465ee728b)
Start importing Assets/150+ Fantastic stylized unusual textures effects fantasy materials/Materials/Mystical Arcane Sigils/Mystical Arcane Sigils (10).mat using Guid(ff438f88203facf4382f35a74d09da39) Importer(815301076,1909f56bfc062723c751e8b465ee728b)  -> (artifact id: 'd96a38f777c0f1ddf6207589cd5ed03e') in 0.016910 seconds
Number of updated asset objects reloaded before import = 0
Number of asset objects unloaded after import = 2
========================================================================
Received Import Request.
  Time since last request: 0.000015 seconds.
  path: Assets/150+ Fantastic stylized unusual textures effects fantasy materials/Materials/Mystical Arcane Sigils/Mystical Arcane Sigils (11).mat
  artifactKey: Guid(bd28a2e786ba6e94790688b907ba0e42) Importer(815301076,1909f56bfc062723c751e8b465ee728b)
Start importing Assets/150+ Fantastic stylized unusual textures effects fantasy materials/Materials/Mystical Arcane Sigils/Mystical Arcane Sigils (11).mat using Guid(bd28a2e786ba6e94790688b907ba0e42) Importer(815301076,1909f56bfc062723c751e8b465ee728b)  -> (artifact id: 'e4c6c3e73d438ec73e8112d313f96873') in 0.014993 seconds
Number of updated asset objects reloaded before import = 0
Number of asset objects unloaded after import = 2
========================================================================
Received Import Request.
  Time since last request: 23.701891 seconds.
  path: Assets/Feel/MMTools/Tools/MMVFX/MMRipple/MMRippleSaw1.mat
  artifactKey: Guid(b5cfff2a54f297f469c90648588cb9dc) Importer(815301076,1909f56bfc062723c751e8b465ee728b)
Start importing Assets/Feel/MMTools/Tools/MMVFX/MMRipple/MMRippleSaw1.mat using Guid(b5cfff2a54f297f469c90648588cb9dc) Importer(815301076,1909f56bfc062723c751e8b465ee728b)  -> (artifact id: '2c750db9d227a778972ccb13390b73d5') in 0.019717 seconds
Number of updated asset objects reloaded before import = 0
Number of asset objects unloaded after import = 2
========================================================================
Received Import Request.
  Time since last request: 0.127050 seconds.
  path: Assets/Feel/MMTools/Demos/MMTween/Materials/MMPlotterPointMaterial 4.mat
  artifactKey: Guid(894fa61f3a6269747b79df1bd99a23cd) Importer(815301076,1909f56bfc062723c751e8b465ee728b)
Start importing Assets/Feel/MMTools/Demos/MMTween/Materials/MMPlotterPointMaterial 4.mat using Guid(894fa61f3a6269747b79df1bd99a23cd) Importer(815301076,1909f56bfc062723c751e8b465ee728b)  -> (artifact id: 'dca25a65690c62155162d6b03600297a') in 0.057231 seconds
Number of updated asset objects reloaded before import = 0
Number of asset objects unloaded after import = 1
========================================================================
Received Import Request.
  Time since last request: 5.828621 seconds.
  path: Assets/Feel/MMTools/Demos/MMFollowTarget/MMFollowTargetDemoGroundMaterial.mat
  artifactKey: Guid(618ddfc15e28454459ee2236b25eb5be) Importer(815301076,1909f56bfc062723c751e8b465ee728b)
Start importing Assets/Feel/MMTools/Demos/MMFollowTarget/MMFollowTargetDemoGroundMaterial.mat using Guid(618ddfc15e28454459ee2236b25eb5be) Importer(815301076,1909f56bfc062723c751e8b465ee728b)  -> (artifact id: 'd59cce4e57b7ac727e5e6ab4ee96146f') in 0.138380 seconds
Number of updated asset objects reloaded before import = 0
Number of asset objects unloaded after import = 4
========================================================================
Received Import Request.
  Time since last request: 6.889895 seconds.
  path: Assets/Feel/MMTools/Tools/MMPrototypeTextures/MMBRP_Materials/MMBPR_RedCrosses.mat
  artifactKey: Guid(816fe783c3103644790f46de0cbeb161) Importer(815301076,1909f56bfc062723c751e8b465ee728b)
Start importing Assets/Feel/MMTools/Tools/MMPrototypeTextures/MMBRP_Materials/MMBPR_RedCrosses.mat using Guid(816fe783c3103644790f46de0cbeb161) Importer(815301076,1909f56bfc062723c751e8b465ee728b)  -> (artifact id: 'e6717d775d709ac4830b88b08e4357e1') in 0.021032 seconds
Number of updated asset objects reloaded before import = 0
Number of asset objects unloaded after import = 4
========================================================================
Received Import Request.
  Time since last request: 0.000013 seconds.
  path: Assets/Feel/MMTools/Tools/MMPrototypeTextures/MMBRP_Materials/MMBPR_RedDots.mat
  artifactKey: Guid(40702ed620cf055428c35adf00a2c9b1) Importer(815301076,1909f56bfc062723c751e8b465ee728b)
Start importing Assets/Feel/MMTools/Tools/MMPrototypeTextures/MMBRP_Materials/MMBPR_RedDots.mat using Guid(40702ed620cf055428c35adf00a2c9b1) Importer(815301076,1909f56bfc062723c751e8b465ee728b)  -> (artifact id: '2acde0d742c8021cad2fb162013a1e8e') in 0.028938 seconds
Number of updated asset objects reloaded before import = 0
Number of asset objects unloaded after import = 4
========================================================================
Received Import Request.
  Time since last request: 0.434192 seconds.
  path: Assets/Feel/MMTools/Tools/MMPrototypeTextures/MMBRP_Materials/MMBPR_DarkGreyFrame.mat
  artifactKey: Guid(13516cfdf366d2542bc2fa983b6f803a) Importer(815301076,1909f56bfc062723c751e8b465ee728b)
Start importing Assets/Feel/MMTools/Tools/MMPrototypeTextures/MMBRP_Materials/MMBPR_DarkGreyFrame.mat using Guid(13516cfdf366d2542bc2fa983b6f803a) Importer(815301076,1909f56bfc062723c751e8b465ee728b)  -> (artifact id: 'eb1428adbfac3003de4c9ca44d5bc739') in 0.030542 seconds
Number of updated asset objects reloaded before import = 0
Number of asset objects unloaded after import = 4
========================================================================
Received Import Request.
  Time since last request: 0.000034 seconds.
  path: Assets/Feel/MMFeedbacks/Demos/SequencingDemo/Prefabs/Crate.fbx
  artifactKey: Guid(d15c44bfaa8a88c4790fa0fa2782404a) Importer(815301076,1909f56bfc062723c751e8b465ee728b)
Start importing Assets/Feel/MMFeedbacks/Demos/SequencingDemo/Prefabs/Crate.fbx using Guid(d15c44bfaa8a88c4790fa0fa2782404a) Importer(815301076,1909f56bfc062723c751e8b465ee728b)  -> (artifact id: '74b0a923fd7bc0f0099dfdbdeda8e56d') in 0.092077 seconds
Number of updated asset objects reloaded before import = 0
Number of asset objects unloaded after import = 8
========================================================================
Received Import Request.
  Time since last request: 0.286449 seconds.
  path: Assets/Feel/FeelDemos/Barbarians/Models/Materials/Leaves.003.mat
  artifactKey: Guid(26cab09f0f0644d44b67336351ccb1c0) Importer(815301076,1909f56bfc062723c751e8b465ee728b)
Start importing Assets/Feel/FeelDemos/Barbarians/Models/Materials/Leaves.003.mat using Guid(26cab09f0f0644d44b67336351ccb1c0) Importer(815301076,1909f56bfc062723c751e8b465ee728b)  -> (artifact id: '43ac9808d45db0708453e52d6d7c1322') in 0.015371 seconds
Number of updated asset objects reloaded before import = 0
Number of asset objects unloaded after import = 1
========================================================================
Received Import Request.
  Time since last request: 0.043752 seconds.
  path: Assets/Feel/MMTools/Demos/MMTween/Fonts/Lato/SDF/Lato-HeavyItalic SDF.asset
  artifactKey: Guid(191c85d053c814242b6d9fab0a91b9f9) Importer(815301076,1909f56bfc062723c751e8b465ee728b)
Start importing Assets/Feel/MMTools/Demos/MMTween/Fonts/Lato/SDF/Lato-HeavyItalic SDF.asset using Guid(191c85d053c814242b6d9fab0a91b9f9) Importer(815301076,1909f56bfc062723c751e8b465ee728b)  -> (artifact id: '001e48c2f5f022caa0ef98673b5e3d4b') in 0.040516 seconds
Number of updated asset objects reloaded before import = 0
Number of asset objects unloaded after import = 4
========================================================================
Received Import Request.
  Time since last request: 0.361124 seconds.
  path: Assets/Feel/MMTools/Demos/MMTween/Fonts/Lato/TTF/Lato-Light.ttf
  artifactKey: Guid(246d8342c33396a488c19a031f8d655e) Importer(815301076,1909f56bfc062723c751e8b465ee728b)
Start importing Assets/Feel/MMTools/Demos/MMTween/Fonts/Lato/TTF/Lato-Light.ttf using Guid(246d8342c33396a488c19a031f8d655e) Importer(815301076,1909f56bfc062723c751e8b465ee728b)  -> (artifact id: 'ee8eca158e97d39ae8761580d69aa359') in 0.022960 seconds
Number of updated asset objects reloaded before import = 0
Number of asset objects unloaded after import = 4
========================================================================
Received Import Request.
  Time since last request: 0.061869 seconds.
  path: Assets/Feel/MMTools/Demos/MMTween/Fonts/Lato/TTF/Lato-Heavy.ttf
  artifactKey: Guid(010b82bc895978049b69aaf4b855d7ab) Importer(815301076,1909f56bfc062723c751e8b465ee728b)
Start importing Assets/Feel/MMTools/Demos/MMTween/Fonts/Lato/TTF/Lato-Heavy.ttf using Guid(010b82bc895978049b69aaf4b855d7ab) Importer(815301076,1909f56bfc062723c751e8b465ee728b)  -> (artifact id: 'b89c8c95fbbd35336f10a55b38337a1d') in 0.013053 seconds
Number of updated asset objects reloaded before import = 0
Number of asset objects unloaded after import = 4
========================================================================
Received Import Request.
  Time since last request: 0.000024 seconds.
  path: Assets/Feel/MMTools/Demos/MMTween/Fonts/Lato/TTF/Lato-LightItalic.ttf
  artifactKey: Guid(4e4fd698e0090124ea15a7ae5a30b84a) Importer(815301076,1909f56bfc062723c751e8b465ee728b)
Start importing Assets/Feel/MMTools/Demos/MMTween/Fonts/Lato/TTF/Lato-LightItalic.ttf using Guid(4e4fd698e0090124ea15a7ae5a30b84a) Importer(815301076,1909f56bfc062723c751e8b465ee728b)  -> (artifact id: 'bffaf8f480f5b3b6219cd743694e08e8') in 0.009403 seconds
Number of updated asset objects reloaded before import = 0
Number of asset objects unloaded after import = 4
========================================================================
Received Import Request.
  Time since last request: 2.234805 seconds.
  path: Assets/Feel/FeelDemos/Wheel/Materials/FeelWheelRubber.mat
  artifactKey: Guid(4f9cfd41d3d2694429e179ee3c860600) Importer(815301076,1909f56bfc062723c751e8b465ee728b)
Start importing Assets/Feel/FeelDemos/Wheel/Materials/FeelWheelRubber.mat using Guid(4f9cfd41d3d2694429e179ee3c860600) Importer(815301076,1909f56bfc062723c751e8b465ee728b)  -> (artifact id: '28915413c6ca0b214821824f0a70af76') in 0.104731 seconds
Number of updated asset objects reloaded before import = 0
Number of asset objects unloaded after import = 2
========================================================================
Received Import Request.
  Time since last request: 0.253974 seconds.
  path: Assets/Feel/FeelDemosURP/Strike/Materials/FeelStrikeDustMaterial.mat
  artifactKey: Guid(3b08df60923c49f43b4ac139195a81b7) Importer(815301076,1909f56bfc062723c751e8b465ee728b)
Start importing Assets/Feel/FeelDemosURP/Strike/Materials/FeelStrikeDustMaterial.mat using Guid(3b08df60923c49f43b4ac139195a81b7) Importer(815301076,1909f56bfc062723c751e8b465ee728b)  -> (artifact id: 'dc57d9c6744bc909802a9c20b9ce358f') in 0.017390 seconds
Number of updated asset objects reloaded before import = 0
Number of asset objects unloaded after import = 2
========================================================================
Received Import Request.
  Time since last request: 0.000010 seconds.
  path: Assets/Feel/FeelDemosURP/Strike/Materials/FeelStrikeResetFloor.mat
  artifactKey: Guid(947e64e64e653264e99ff5dff5d67136) Importer(815301076,1909f56bfc062723c751e8b465ee728b)
Start importing Assets/Feel/FeelDemosURP/Strike/Materials/FeelStrikeResetFloor.mat using Guid(947e64e64e653264e99ff5dff5d67136) Importer(815301076,1909f56bfc062723c751e8b465ee728b)  -> (artifact id: '782e67217629e6befa673ee073653ee5') in 0.007788 seconds
Number of updated asset objects reloaded before import = 0
Number of asset objects unloaded after import = 1
========================================================================
Received Import Request.
  Time since last request: 0.000688 seconds.
  path: Assets/Feel/FeelDemos/Snake/Materials/FeelSnakeWhiteParticlesMaterial.mat
  artifactKey: Guid(c0d9af3227900cb419c718baff4d368f) Importer(815301076,1909f56bfc062723c751e8b465ee728b)
Start importing Assets/Feel/FeelDemos/Snake/Materials/FeelSnakeWhiteParticlesMaterial.mat using Guid(c0d9af3227900cb419c718baff4d368f) Importer(815301076,1909f56bfc062723c751e8b465ee728b)  -> (artifact id: '96e98ce68a98c5ee8567f43d39dece5f') in 0.033548 seconds
Number of updated asset objects reloaded before import = 0
Number of asset objects unloaded after import = 2
========================================================================
Received Import Request.
  Time since last request: 0.000019 seconds.
  path: Assets/Feel/FeelDemos/SquashAndStretch/Materials/FeelSquashAndStretchCarWheels.mat
  artifactKey: Guid(f8197940c8b4cfd44a3335b29f6d32e5) Importer(815301076,1909f56bfc062723c751e8b465ee728b)
Start importing Assets/Feel/FeelDemos/SquashAndStretch/Materials/FeelSquashAndStretchCarWheels.mat using Guid(f8197940c8b4cfd44a3335b29f6d32e5) Importer(815301076,1909f56bfc062723c751e8b465ee728b)  -> (artifact id: '84d17c9e3bff0f5f75935650be6fa6f3') in 0.033879 seconds
Number of updated asset objects reloaded before import = 0
Number of asset objects unloaded after import = 3
========================================================================
Received Import Request.
  Time since last request: 0.454419 seconds.
  path: Assets/Feel/FeelDemos/Snake/Materials/FeelSnakeBackgroundMaterial.mat
  artifactKey: Guid(434d7023f5e92d542b23666ffb61e63d) Importer(815301076,1909f56bfc062723c751e8b465ee728b)
Start importing Assets/Feel/FeelDemos/Snake/Materials/FeelSnakeBackgroundMaterial.mat using Guid(434d7023f5e92d542b23666ffb61e63d) Importer(815301076,1909f56bfc062723c751e8b465ee728b)  -> (artifact id: '3faabed34fd48befa02bed76ba040d91') in 0.036180 seconds
Number of updated asset objects reloaded before import = 0
Number of asset objects unloaded after import = 2
========================================================================
Received Import Request.
  Time since last request: 0.085961 seconds.
  path: Assets/Feel/FeelDemosHDRP/Falcon/Materials/FeelFalconWind1.mat
  artifactKey: Guid(652904ef212140d45bd695a34b49a305) Importer(815301076,1909f56bfc062723c751e8b465ee728b)
Start importing Assets/Feel/FeelDemosHDRP/Falcon/Materials/FeelFalconWind1.mat using Guid(652904ef212140d45bd695a34b49a305) Importer(815301076,1909f56bfc062723c751e8b465ee728b)  -> (artifact id: 'db7d6ef51f5af9430de368d27b2562bd') in 0.010293 seconds
Number of updated asset objects reloaded before import = 0
Number of asset objects unloaded after import = 1
========================================================================
Received Import Request.
  Time since last request: 1.625165 seconds.
  path: Assets/Feel/FeelDemos/Duck/Materials/FeelDuckSmokeParticleMaterial.mat
  artifactKey: Guid(8dbf78ee886421f4c83dcef0f997dbeb) Importer(815301076,1909f56bfc062723c751e8b465ee728b)
Start importing Assets/Feel/FeelDemos/Duck/Materials/FeelDuckSmokeParticleMaterial.mat using Guid(8dbf78ee886421f4c83dcef0f997dbeb) Importer(815301076,1909f56bfc062723c751e8b465ee728b)  -> (artifact id: '7d8524abf44bbf6d1bd3555c03aa8639') in 0.039494 seconds
Number of updated asset objects reloaded before import = 0
Number of asset objects unloaded after import = 2
========================================================================
Received Import Request.
  Time since last request: 0.000163 seconds.
  path: Assets/Feel/FeelDemosHDRP/Falcon/Materials/FeelFalconLights.mat
  artifactKey: Guid(079d6d95cb03112499d9a50bd97bb9d9) Importer(815301076,1909f56bfc062723c751e8b465ee728b)
Start importing Assets/Feel/FeelDemosHDRP/Falcon/Materials/FeelFalconLights.mat using Guid(079d6d95cb03112499d9a50bd97bb9d9) Importer(815301076,1909f56bfc062723c751e8b465ee728b)  -> (artifact id: '0523ddedb7001856fbdc82854fb17a88') in 0.017811 seconds
Number of updated asset objects reloaded before import = 0
Number of asset objects unloaded after import = 1
========================================================================
Received Import Request.
  Time since last request: 0.000108 seconds.
  path: Assets/Feel/FeelDemos/Bounce/Materials/FeelBounceTrees1.mat
  artifactKey: Guid(98d3d989fc57f3e4f861c5c5c5a60917) Importer(815301076,1909f56bfc062723c751e8b465ee728b)
Start importing Assets/Feel/FeelDemos/Bounce/Materials/FeelBounceTrees1.mat using Guid(98d3d989fc57f3e4f861c5c5c5a60917) Importer(815301076,1909f56bfc062723c751e8b465ee728b)  -> (artifact id: '6f416c79f132238f1dd120cdac689758') in 0.094733 seconds
Number of updated asset objects reloaded before import = 0
Number of asset objects unloaded after import = 3
========================================================================
Received Import Request.
  Time since last request: 0.029175 seconds.
  path: Assets/Feel/FeelDemos/Blob/Materials/FeelBlobEyes.mat
  artifactKey: Guid(15358a46554e118498bc180225ee8427) Importer(815301076,1909f56bfc062723c751e8b465ee728b)
Start importing Assets/Feel/FeelDemos/Blob/Materials/FeelBlobEyes.mat using Guid(15358a46554e118498bc180225ee8427) Importer(815301076,1909f56bfc062723c751e8b465ee728b)  -> (artifact id: '329b3500a75fba9dc85d12af8fe442ba') in 0.069879 seconds
Number of updated asset objects reloaded before import = 0
Number of asset objects unloaded after import = 2
========================================================================
Received Import Request.
  Time since last request: 0.162286 seconds.
  path: Assets/Feel/MMFeedbacks/Demos/MMFeedbacksDemo/Materials/FeedbacksDemoGroundRocks.mat
  artifactKey: Guid(8b80d96aef31b7b42927634a8a768ed6) Importer(815301076,1909f56bfc062723c751e8b465ee728b)
Start importing Assets/Feel/MMFeedbacks/Demos/MMFeedbacksDemo/Materials/FeedbacksDemoGroundRocks.mat using Guid(8b80d96aef31b7b42927634a8a768ed6) Importer(815301076,1909f56bfc062723c751e8b465ee728b)  -> (artifact id: 'ebe79ffa30f197721deeeeef5962a656') in 3.788688 seconds
Number of updated asset objects reloaded before import = 0
Number of asset objects unloaded after import = 2
========================================================================
Received Import Request.
  Time since last request: 36.431637 seconds.
  path: Assets/150+ Fantastic stylized unusual textures effects fantasy materials/Materials/Enchanted Crystal Veins/Enchanted Crystal Veins (11).mat
  artifactKey: Guid(57a650bac60fade47aa42b45f5e8cfda) Importer(815301076,1909f56bfc062723c751e8b465ee728b)
Start importing Assets/150+ Fantastic stylized unusual textures effects fantasy materials/Materials/Enchanted Crystal Veins/Enchanted Crystal Veins (11).mat using Guid(57a650bac60fade47aa42b45f5e8cfda) Importer(815301076,1909f56bfc062723c751e8b465ee728b)  -> (artifact id: 'a817d102ce09d220478b87b2788fd963') in 0.053541 seconds
Number of updated asset objects reloaded before import = 0
Number of asset objects unloaded after import = 2
========================================================================
Received Import Request.
  Time since last request: 0.126985 seconds.
  path: Assets/150+ Fantastic stylized unusual textures effects fantasy materials/Materials/Cursed Phantom Chains/Cursed Phantom Chains (4).mat
  artifactKey: Guid(4694555bc7a340a45b08ae3a7bc3a491) Importer(815301076,1909f56bfc062723c751e8b465ee728b)
Start importing Assets/150+ Fantastic stylized unusual textures effects fantasy materials/Materials/Cursed Phantom Chains/Cursed Phantom Chains (4).mat using Guid(4694555bc7a340a45b08ae3a7bc3a491) Importer(815301076,1909f56bfc062723c751e8b465ee728b)  -> (artifact id: '4d59cd2aae740b5bdb0e3058a4994c71') in 0.038213 seconds
Number of updated asset objects reloaded before import = 0
Number of asset objects unloaded after import = 2
========================================================================
Received Import Request.
  Time since last request: 0.000071 seconds.
  path: Assets/150+ Fantastic stylized unusual textures effects fantasy materials/Materials/Cursed Phantom Chains/Cursed Phantom Chains (5).mat
  artifactKey: Guid(9279aee1464dcca41a7507071b71ea5a) Importer(815301076,1909f56bfc062723c751e8b465ee728b)
Start importing Assets/150+ Fantastic stylized unusual textures effects fantasy materials/Materials/Cursed Phantom Chains/Cursed Phantom Chains (5).mat using Guid(9279aee1464dcca41a7507071b71ea5a) Importer(815301076,1909f56bfc062723c751e8b465ee728b)  -> (artifact id: '4dc21fcace2575fb1f62be69c0d3991d') in 0.065691 seconds
Number of updated asset objects reloaded before import = 0
Number of asset objects unloaded after import = 2
========================================================================
Received Import Request.
  Time since last request: 9.478490 seconds.
  path: Assets/150+ Fantastic stylized unusual textures effects fantasy materials/Materials/Crystalized Frost Patterns/Crystalized Frost Patterns (6).mat
  artifactKey: Guid(dc09ef0198ad64541ac07ab850302ffd) Importer(815301076,1909f56bfc062723c751e8b465ee728b)
Start importing Assets/150+ Fantastic stylized unusual textures effects fantasy materials/Materials/Crystalized Frost Patterns/Crystalized Frost Patterns (6).mat using Guid(dc09ef0198ad64541ac07ab850302ffd) Importer(815301076,1909f56bfc062723c751e8b465ee728b)  -> (artifact id: '9c410c2f7632f506e0192ab8cc9bdf30') in 0.018792 seconds
Number of updated asset objects reloaded before import = 0
Number of asset objects unloaded after import = 2
========================================================================
Received Import Request.
  Time since last request: 0.000098 seconds.
  path: Assets/150+ Fantastic stylized unusual textures effects fantasy materials/Materials/Crystalized Frost Patterns/Crystalized Frost Patterns (9).mat
  artifactKey: Guid(3ce2f85628897af479de384f3eab6d84) Importer(815301076,1909f56bfc062723c751e8b465ee728b)
Start importing Assets/150+ Fantastic stylized unusual textures effects fantasy materials/Materials/Crystalized Frost Patterns/Crystalized Frost Patterns (9).mat using Guid(3ce2f85628897af479de384f3eab6d84) Importer(815301076,1909f56bfc062723c751e8b465ee728b)  -> (artifact id: '223d54abcc8a143ace2b4dac9918c2c5') in 0.045360 seconds
Number of updated asset objects reloaded before import = 0
Number of asset objects unloaded after import = 2
========================================================================
Received Import Request.
  Time since last request: 42.821723 seconds.
  path: Assets/150+ Fantastic stylized unusual textures effects fantasy materials/Materials/Celestial Stardust/Celestial Stardust (7).mat
  artifactKey: Guid(c7c0b350a5fcca246840bbaae8dedf7e) Importer(815301076,1909f56bfc062723c751e8b465ee728b)
Start importing Assets/150+ Fantastic stylized unusual textures effects fantasy materials/Materials/Celestial Stardust/Celestial Stardust (7).mat using Guid(c7c0b350a5fcca246840bbaae8dedf7e) Importer(815301076,1909f56bfc062723c751e8b465ee728b)  -> (artifact id: '316dca7abb47525e5bdea8eedcec1393') in 0.059276 seconds
Number of updated asset objects reloaded before import = 0
Number of asset objects unloaded after import = 2
========================================================================
Received Prepare
Begin MonoManager ReloadAssembly
- Loaded All Assemblies, in  0.354 seconds
Refreshing native plugins compatible for Editor in 2.80 ms, found 4 plugins.
Native extension for UWP target not found
Native extension for WindowsStandalone target not found
Native extension for iOS target not found
Native extension for Android target not found
Native extension for OSXStandalone target not found
Native extension for WebGL target not found
[Package Manager] Server::EnsureServerProcessIsRunning -- launch failed, reason: Unity was launched with the -noUpm command-line argument
[Package Manager] UpmClient::Send -- Unable to send message (not connected to UPM process).
[Package Manager] Cannot connect to Unity Package Manager local server
Mono: successfully reloaded assembly
- Finished resetting the current domain, in  0.707 seconds
Domain Reload Profiling: 1057ms
	BeginReloadAssembly (105ms)
		ExecutionOrderSort (0ms)
		DisableScriptedObjects (2ms)
		BackupInstance (0ms)
		ReleaseScriptingObjects (0ms)
		CreateAndSetChildDomain (24ms)
	RebuildCommonClasses (20ms)
	RebuildNativeTypeToScriptingClass (7ms)
	initialDomainReloadingComplete (39ms)
	LoadAllAssembliesAndSetupDomain (180ms)
		LoadAssemblies (211ms)
		RebuildTransferFunctionScriptingTraits (0ms)
		AnalyzeDomain (25ms)
			TypeCache.Refresh (6ms)
				TypeCache.ScanAssembly (0ms)
			ScanForSourceGeneratedMonoScriptInfo (0ms)
			ResolveRequiredComponents (18ms)
	FinalizeReload (707ms)
		ReleaseScriptCaches (0ms)
		RebuildScriptCaches (0ms)
		SetupLoadedEditorAssemblies (411ms)
			LogAssemblyErrors (0ms)
			InitializePlatformSupportModulesInManaged (27ms)
			SetLoadedEditorAssemblies (2ms)
			RefreshPlugins (0ms)
			BeforeProcessingInitializeOnLoad (43ms)
			ProcessInitializeOnLoadAttributes (309ms)
			ProcessInitializeOnLoadMethodAttributes (26ms)
			AfterProcessingInitializeOnLoad (3ms)
			EditorAssembliesLoaded (0ms)
		ExecutionOrderSort2 (0ms)
		AwakeInstancesAfterBackupRestoration (4ms)
Shader 'MoreMountains/MMRipple': fallback shader 'Particle/AlphaBlended' not found
Refreshing native plugins compatible for Editor in 6.63 ms, found 4 plugins.
Preloading 0 native plugins for Editor in 0.00 ms.
Unloading 4123 Unused Serialized files (Serialized files now loaded: 0)
Unloading 35 unused Assets / (37.2 KB). Loaded Objects now: 4792.
Memory consumption went from 227.7 MB to 227.7 MB.
Total: 4.600300 ms (FindLiveObjects: 0.290200 ms CreateObjectMapping: 0.193200 ms MarkObjects: 4.036200 ms  DeleteObjects: 0.079500 ms)

Prepare: number of updated asset objects reloaded= 0
AssetImportParameters requested are different than current active one (requested -> active):
  custom:container-demuxer-ogg: 62fdf1f143b41e24485cea50d1cbac27 -> 
  custom:video-codec-MediaFoundation-h265: 746d11721c4dcdbdad8f713fa42b33f4 -> 
  custom:video-decoder-ogg-theora: a1e56fd34408186e4bbccfd4996cb3dc -> 
  custom:framework-win-MediaFoundation: 216162199b28c13a410421893ffa2e32 -> 
  custom:CustomObjectIndexerAttribute: 756ad292c208cfabdd7b50bc23989ffe -> 
  custom:container-demuxer-webm: 4f35f7cbe854078d1ac9338744f61a02 -> 
  custom:container-muxer-webm: aa71ff27fc2769a1b78a27578f13a17b -> 
  custom:video-decoder-webm-vp8: 9c59270c3fd7afecdb556c50c9e8de78 -> 
  custom:SearchIndexIgnoredProperties: e643bd26f0fe6173181afceb89e7c659 -> 
  custom:AudioImporter_EditorPlatform: d09bf68614088b80899f8185d706f6e7 -> 
  custom:video-encoder-webm-vp8: eb34c28f22e8b96e1ab97ce403110664 -> 
  custom:audio-decoder-ogg-vorbis: bf7c407c2cedff20999df2af8eb42d56 -> 
  custom:audio-encoder-webm-vorbis: bf7c407c2cedff20999df2af8eb42d56 -> 
Editor requested this worker to shutdown with reason: Scaling down because of idle timeout
TcpMessagingSession - receive error
AssetImportWorkerClient::OnTransportError - code=2 error=End of file
AssetImportWorker is now disconnected from the server
Process exiting
Exiting without the bug reporter. Application will terminate with return code 0