Using pre-set license
Built from '2022.3/staging' branch; Version is '2022.3.8f1 (b5eafc012955) revision 11922172'; Using compiler version '192829333'; Build Type 'Release'
OS: 'Windows 11  (10.0.22621) 64bit Core' Language: 'en' Physical Memory: 32507 MB
BatchMode: 1, IsHumanControllingUs: 0, StartBugReporterOnCrash: 0, Is64bit: 1, IsPro: 1

COMMAND LINE ARGUMENTS:
C:\Program Files\Unity\Hub\Editor\2022.3.8f1\Editor\Unity.exe
-adb2
-batchMode
-noUpm
-name
AssetImportWorker6
-projectPath
C:/Users/evasq/OneDrive/Escritorio/My-Muffin/My Muffin
-logFile
Logs/AssetImportWorker6.log
-srvPort
57695
Successfully changed project path to: C:/Users/evasq/OneDrive/Escritorio/My-Muffin/My Muffin
C:/Users/evasq/OneDrive/Escritorio/My-Muffin/My Muffin
[UnityMemory] Configuration Parameters - Can be set up in boot.config
    "memorysetup-bucket-allocator-granularity=16"
    "memorysetup-bucket-allocator-bucket-count=8"
    "memorysetup-bucket-allocator-block-size=33554432"
    "memorysetup-bucket-allocator-block-count=8"
    "memorysetup-main-allocator-block-size=16777216"
    "memorysetup-thread-allocator-block-size=16777216"
    "memorysetup-gfx-main-allocator-block-size=16777216"
    "memorysetup-gfx-thread-allocator-block-size=16777216"
    "memorysetup-cache-allocator-block-size=4194304"
    "memorysetup-typetree-allocator-block-size=2097152"
    "memorysetup-profiler-bucket-allocator-granularity=16"
    "memorysetup-profiler-bucket-allocator-bucket-count=8"
    "memorysetup-profiler-bucket-allocator-block-size=33554432"
    "memorysetup-profiler-bucket-allocator-block-count=8"
    "memorysetup-profiler-allocator-block-size=16777216"
    "memorysetup-profiler-editor-allocator-block-size=1048576"
    "memorysetup-temp-allocator-size-main=16777216"
    "memorysetup-job-temp-allocator-block-size=2097152"
    "memorysetup-job-temp-allocator-block-size-background=1048576"
    "memorysetup-job-temp-allocator-reduction-small-platforms=262144"
    "memorysetup-allocator-temp-initial-block-size-main=262144"
    "memorysetup-allocator-temp-initial-block-size-worker=262144"
    "memorysetup-temp-allocator-size-background-worker=32768"
    "memorysetup-temp-allocator-size-job-worker=262144"
    "memorysetup-temp-allocator-size-preload-manager=33554432"
    "memorysetup-temp-allocator-size-nav-mesh-worker=65536"
    "memorysetup-temp-allocator-size-audio-worker=65536"
    "memorysetup-temp-allocator-size-cloud-worker=32768"
    "memorysetup-temp-allocator-size-gi-baking-worker=262144"
    "memorysetup-temp-allocator-size-gfx=262144"
Player connection [28840] Host "[IP] 192.168.86.52 [Port] 0 [Flags] 2 [Guid] 3814728250 [EditorId] 3814728250 [Version] 1048832 [Id] WindowsEditor(7,Edu_Legion) [Debug] 1 [PackageName] WindowsEditor [ProjectName] Editor" joined multi-casting on [225.0.0.222:54997]...

Player connection [28840] Host "[IP] 192.168.86.52 [Port] 0 [Flags] 2 [Guid] 3814728250 [EditorId] 3814728250 [Version] 1048832 [Id] WindowsEditor(7,Edu_Legion) [Debug] 1 [PackageName] WindowsEditor [ProjectName] Editor" joined alternative multi-casting on [225.0.0.222:34997]...

[Physics::Module] Initialized MultithreadedJobDispatcher with 31 workers.
Refreshing native plugins compatible for Editor in 8.67 ms, found 4 plugins.
Preloading 0 native plugins for Editor in 0.00 ms.
Initialize engine version: 2022.3.8f1 (b5eafc012955)
[Subsystems] Discovering subsystems at path C:/Program Files/Unity/Hub/Editor/2022.3.8f1/Editor/Data/Resources/UnitySubsystems
[Subsystems] Discovering subsystems at path C:/Users/evasq/OneDrive/Escritorio/My-Muffin/My Muffin/Assets
GfxDevice: creating device client; threaded=0; jobified=0
Direct3D:
    Version:  Direct3D 11.0 [level 11.1]
    Renderer: NVIDIA GeForce RTX 4070 Laptop GPU (ID=0x2860)
    Vendor:   NVIDIA
    VRAM:     7962 MB
    Driver:   31.0.15.3210
Shader 'MoreMountains/MMRipple': fallback shader 'Particle/AlphaBlended' not found
Initialize mono
Mono path[0] = 'C:/Program Files/Unity/Hub/Editor/2022.3.8f1/Editor/Data/Managed'
Mono path[1] = 'C:/Program Files/Unity/Hub/Editor/2022.3.8f1/Editor/Data/MonoBleedingEdge/lib/mono/unityjit-win32'
Mono config path = 'C:/Program Files/Unity/Hub/Editor/2022.3.8f1/Editor/Data/MonoBleedingEdge/etc'
Using monoOptions --debugger-agent=transport=dt_socket,embedding=1,server=y,suspend=n,address=127.0.0.1:56952
Begin MonoManager ReloadAssembly
Registering precompiled unity dll's ...
Register platform support module: C:/Program Files/Unity/Hub/Editor/2022.3.8f1/Editor/Data/PlaybackEngines/WebGLSupport/UnityEditor.WebGL.Extensions.dll
Register platform support module: C:/Program Files/Unity/Hub/Editor/2022.3.8f1/Editor/Data/PlaybackEngines/MacStandaloneSupport/UnityEditor.OSXStandalone.Extensions.dll
Register platform support module: C:/Program Files/Unity/Hub/Editor/2022.3.8f1/Editor/Data/PlaybackEngines/AndroidPlayer/UnityEditor.Android.Extensions.dll
Register platform support module: C:/Program Files/Unity/Hub/Editor/2022.3.8f1/Editor/Data/PlaybackEngines/iOSSupport/UnityEditor.iOS.Extensions.dll
Register platform support module: C:/Program Files/Unity/Hub/Editor/2022.3.8f1/Editor/Data/PlaybackEngines/WindowsStandaloneSupport/UnityEditor.WindowsStandalone.Extensions.dll
Register platform support module: C:/Program Files/Unity/Hub/Editor/2022.3.8f1/Editor/Data/PlaybackEngines/MetroSupport/UnityEditor.UWP.Extensions.dll
Registered in 0.009554 seconds.
- Loaded All Assemblies, in  0.330 seconds
Native extension for UWP target not found
Native extension for WindowsStandalone target not found
[usbmuxd] Start listen thread
[usbmuxd] Listen thread started
Native extension for iOS target not found
Native extension for Android target not found
Android Extension - Scanning For ADB Devices 454 ms
Native extension for OSXStandalone target not found
Native extension for WebGL target not found
Mono: successfully reloaded assembly
- Finished resetting the current domain, in  0.705 seconds
Domain Reload Profiling: 1034ms
	BeginReloadAssembly (101ms)
		ExecutionOrderSort (0ms)
		DisableScriptedObjects (0ms)
		BackupInstance (0ms)
		ReleaseScriptingObjects (0ms)
		CreateAndSetChildDomain (1ms)
	RebuildCommonClasses (62ms)
	RebuildNativeTypeToScriptingClass (9ms)
	initialDomainReloadingComplete (56ms)
	LoadAllAssembliesAndSetupDomain (102ms)
		LoadAssemblies (100ms)
		RebuildTransferFunctionScriptingTraits (0ms)
		AnalyzeDomain (99ms)
			TypeCache.Refresh (98ms)
				TypeCache.ScanAssembly (89ms)
			ScanForSourceGeneratedMonoScriptInfo (0ms)
			ResolveRequiredComponents (0ms)
	FinalizeReload (705ms)
		ReleaseScriptCaches (0ms)
		RebuildScriptCaches (0ms)
		SetupLoadedEditorAssemblies (669ms)
			LogAssemblyErrors (0ms)
			InitializePlatformSupportModulesInManaged (545ms)
			SetLoadedEditorAssemblies (3ms)
			RefreshPlugins (0ms)
			BeforeProcessingInitializeOnLoad (1ms)
			ProcessInitializeOnLoadAttributes (94ms)
			ProcessInitializeOnLoadMethodAttributes (26ms)
			AfterProcessingInitializeOnLoad (0ms)
			EditorAssembliesLoaded (0ms)
		ExecutionOrderSort2 (0ms)
		AwakeInstancesAfterBackupRestoration (0ms)
========================================================================
Worker process is ready to serve import requests
Begin MonoManager ReloadAssembly
- Loaded All Assemblies, in  0.662 seconds
Refreshing native plugins compatible for Editor in 2.68 ms, found 4 plugins.
Native extension for UWP target not found
Native extension for WindowsStandalone target not found
Native extension for iOS target not found
Native extension for Android target not found
Native extension for OSXStandalone target not found
Native extension for WebGL target not found
Package Manager log level set to [2]
[Package Manager] Server::EnsureServerProcessIsRunning -- launch failed, reason: Unity was launched with the -noUpm command-line argument
[Package Manager] UpmClient::Send -- Unable to send message (not connected to UPM process).
[Package Manager] Cannot connect to Unity Package Manager local server
Mono: successfully reloaded assembly
- Finished resetting the current domain, in  0.507 seconds
Domain Reload Profiling: 1168ms
	BeginReloadAssembly (100ms)
		ExecutionOrderSort (0ms)
		DisableScriptedObjects (3ms)
		BackupInstance (0ms)
		ReleaseScriptingObjects (0ms)
		CreateAndSetChildDomain (14ms)
	RebuildCommonClasses (26ms)
	RebuildNativeTypeToScriptingClass (7ms)
	initialDomainReloadingComplete (50ms)
	LoadAllAssembliesAndSetupDomain (477ms)
		LoadAssemblies (381ms)
		RebuildTransferFunctionScriptingTraits (0ms)
		AnalyzeDomain (159ms)
			TypeCache.Refresh (138ms)
				TypeCache.ScanAssembly (124ms)
			ScanForSourceGeneratedMonoScriptInfo (12ms)
			ResolveRequiredComponents (8ms)
	FinalizeReload (508ms)
		ReleaseScriptCaches (0ms)
		RebuildScriptCaches (0ms)
		SetupLoadedEditorAssemblies (394ms)
			LogAssemblyErrors (0ms)
			InitializePlatformSupportModulesInManaged (22ms)
			SetLoadedEditorAssemblies (2ms)
			RefreshPlugins (0ms)
			BeforeProcessingInitializeOnLoad (37ms)
			ProcessInitializeOnLoadAttributes (311ms)
			ProcessInitializeOnLoadMethodAttributes (15ms)
			AfterProcessingInitializeOnLoad (6ms)
			EditorAssembliesLoaded (1ms)
		ExecutionOrderSort2 (0ms)
		AwakeInstancesAfterBackupRestoration (4ms)
Shader 'MoreMountains/MMRipple': fallback shader 'Particle/AlphaBlended' not found
Launched and connected shader compiler UnityShaderCompiler.exe after 0.11 seconds
Refreshing native plugins compatible for Editor in 3.46 ms, found 4 plugins.
Preloading 0 native plugins for Editor in 0.00 ms.
Unloading 4149 Unused Serialized files (Serialized files now loaded: 0)
Unloading 44 unused Assets / (62.0 KB). Loaded Objects now: 4738.
Memory consumption went from 233.2 MB to 233.1 MB.
Total: 2.997900 ms (FindLiveObjects: 0.175100 ms CreateObjectMapping: 0.060900 ms MarkObjects: 2.671000 ms  DeleteObjects: 0.090000 ms)

AssetImportParameters requested are different than current active one (requested -> active):
  custom:container-demuxer-ogg: 62fdf1f143b41e24485cea50d1cbac27 -> 
  custom:video-codec-MediaFoundation-h265: 746d11721c4dcdbdad8f713fa42b33f4 -> 
  custom:video-decoder-ogg-theora: a1e56fd34408186e4bbccfd4996cb3dc -> 
  custom:framework-win-MediaFoundation: 216162199b28c13a410421893ffa2e32 -> 
  custom:CustomObjectIndexerAttribute: 756ad292c208cfabdd7b50bc23989ffe -> 
  custom:container-demuxer-webm: 4f35f7cbe854078d1ac9338744f61a02 -> 
  custom:container-muxer-webm: aa71ff27fc2769a1b78a27578f13a17b -> 
  custom:video-decoder-webm-vp8: 9c59270c3fd7afecdb556c50c9e8de78 -> 
  custom:SearchIndexIgnoredProperties: e643bd26f0fe6173181afceb89e7c659 -> 
  custom:AudioImporter_EditorPlatform: d09bf68614088b80899f8185d706f6e7 -> 
  custom:video-encoder-webm-vp8: eb34c28f22e8b96e1ab97ce403110664 -> 
  custom:audio-decoder-ogg-vorbis: bf7c407c2cedff20999df2af8eb42d56 -> 
  custom:audio-encoder-webm-vorbis: bf7c407c2cedff20999df2af8eb42d56 -> 
========================================================================
Received Import Request.
  Time since last request: 421369.970298 seconds.
  path: Assets/Feel/MMFeedbacks/Demos/SequencingDemo/Materials/SequencerFabric09.mat
  artifactKey: Guid(d27c02d0cdd147245be0de863bd68637) Importer(815301076,1909f56bfc062723c751e8b465ee728b)
Start importing Assets/Feel/MMFeedbacks/Demos/SequencingDemo/Materials/SequencerFabric09.mat using Guid(d27c02d0cdd147245be0de863bd68637) Importer(815301076,1909f56bfc062723c751e8b465ee728b)  -> (artifact id: 'cbd43a31a7f46cb22b7515c2cc79df82') in 0.259364 seconds
Number of updated asset objects reloaded before import = 0
Number of asset objects unloaded after import = 7
========================================================================
Received Import Request.
  Time since last request: 0.819484 seconds.
  path: Assets/150+ Fantastic stylized unusual textures effects fantasy materials/Materials/Phoenix Feather/Phoenix Feather (5).mat
  artifactKey: Guid(ddaf86b51e8f6e142b3772003085b266) Importer(815301076,1909f56bfc062723c751e8b465ee728b)
Start importing Assets/150+ Fantastic stylized unusual textures effects fantasy materials/Materials/Phoenix Feather/Phoenix Feather (5).mat using Guid(ddaf86b51e8f6e142b3772003085b266) Importer(815301076,1909f56bfc062723c751e8b465ee728b)  -> (artifact id: '6d88c7ba915fc1573dc2d6c10b68b5df') in 0.059141 seconds
Number of updated asset objects reloaded before import = 0
Number of asset objects unloaded after import = 2
========================================================================
Received Import Request.
  Time since last request: 11.822483 seconds.
  path: Assets/Feel/FeelDemos/Wheel/Models/FeelWheel.fbx
  artifactKey: Guid(929e9c3132f78f24ea8557de7820d64a) Importer(815301076,1909f56bfc062723c751e8b465ee728b)
Start importing Assets/Feel/FeelDemos/Wheel/Models/FeelWheel.fbx using Guid(929e9c3132f78f24ea8557de7820d64a) Importer(815301076,1909f56bfc062723c751e8b465ee728b)  -> (artifact id: 'c8776b7a7497356a4a96c464fa802cd3') in 0.214473 seconds
Number of updated asset objects reloaded before import = 0
Number of asset objects unloaded after import = 30
========================================================================
Received Import Request.
  Time since last request: 0.117358 seconds.
  path: Assets/150+ Fantastic stylized unusual textures effects fantasy materials/Materials/Mythical Forest Bark/Mythical Forest Bark (6).mat
  artifactKey: Guid(c8f9357090a4be141b62a2217497a891) Importer(815301076,1909f56bfc062723c751e8b465ee728b)
Start importing Assets/150+ Fantastic stylized unusual textures effects fantasy materials/Materials/Mythical Forest Bark/Mythical Forest Bark (6).mat using Guid(c8f9357090a4be141b62a2217497a891) Importer(815301076,1909f56bfc062723c751e8b465ee728b)  -> (artifact id: '035af7fe82ec621a4fa9b8e1f89bae2c') in 0.017621 seconds
Number of updated asset objects reloaded before import = 0
Number of asset objects unloaded after import = 2
========================================================================
Received Import Request.
  Time since last request: 0.000013 seconds.
  path: Assets/150+ Fantastic stylized unusual textures effects fantasy materials/Materials/Moonlit Ocean Ripples/Moonlit Ocean Ripples (4).mat
  artifactKey: Guid(c9f35f24b4407c447be73de77ad8b159) Importer(815301076,1909f56bfc062723c751e8b465ee728b)
Start importing Assets/150+ Fantastic stylized unusual textures effects fantasy materials/Materials/Moonlit Ocean Ripples/Moonlit Ocean Ripples (4).mat using Guid(c9f35f24b4407c447be73de77ad8b159) Importer(815301076,1909f56bfc062723c751e8b465ee728b)  -> (artifact id: '1619746a2feeab0ee131289a7a65105f') in 0.016044 seconds
Number of updated asset objects reloaded before import = 0
Number of asset objects unloaded after import = 2
========================================================================
Received Import Request.
  Time since last request: 0.000174 seconds.
  path: Assets/150+ Fantastic stylized unusual textures effects fantasy materials/Materials/Moonlit Ocean Ripples/Moonlit Ocean Ripples (5).mat
  artifactKey: Guid(fe12590e0abbd7241a08b3a6c90270cf) Importer(815301076,1909f56bfc062723c751e8b465ee728b)
Start importing Assets/150+ Fantastic stylized unusual textures effects fantasy materials/Materials/Moonlit Ocean Ripples/Moonlit Ocean Ripples (5).mat using Guid(fe12590e0abbd7241a08b3a6c90270cf) Importer(815301076,1909f56bfc062723c751e8b465ee728b)  -> (artifact id: '20e74d56615b9b94f75c747eb61e206a') in 0.012426 seconds
Number of updated asset objects reloaded before import = 0
Number of asset objects unloaded after import = 2
========================================================================
Received Import Request.
  Time since last request: 0.000127 seconds.
  path: Assets/150+ Fantastic stylized unusual textures effects fantasy materials/Materials/Mystical Arcane Sigils/Mystical Arcane Sigils (4).mat
  artifactKey: Guid(21c96cd1f7459304fa0aaa416909f734) Importer(815301076,1909f56bfc062723c751e8b465ee728b)
Start importing Assets/150+ Fantastic stylized unusual textures effects fantasy materials/Materials/Mystical Arcane Sigils/Mystical Arcane Sigils (4).mat using Guid(21c96cd1f7459304fa0aaa416909f734) Importer(815301076,1909f56bfc062723c751e8b465ee728b)  -> (artifact id: 'bc9ee65d6c3fe3e0824ba6dcebd1e4f6') in 0.017594 seconds
Number of updated asset objects reloaded before import = 0
Number of asset objects unloaded after import = 2
========================================================================
Received Import Request.
  Time since last request: 0.000011 seconds.
  path: Assets/150+ Fantastic stylized unusual textures effects fantasy materials/Materials/Mystical Arcane Sigils/Mystical Arcane Sigils (5).mat
  artifactKey: Guid(a73fb9f510c75ac4b9bed214e678c9a6) Importer(815301076,1909f56bfc062723c751e8b465ee728b)
Start importing Assets/150+ Fantastic stylized unusual textures effects fantasy materials/Materials/Mystical Arcane Sigils/Mystical Arcane Sigils (5).mat using Guid(a73fb9f510c75ac4b9bed214e678c9a6) Importer(815301076,1909f56bfc062723c751e8b465ee728b)  -> (artifact id: '0292b0f343adea717f1252c2d67b825f') in 0.013590 seconds
Number of updated asset objects reloaded before import = 0
Number of asset objects unloaded after import = 2
========================================================================
Received Import Request.
  Time since last request: 0.000240 seconds.
  path: Assets/Feel/MMFeedbacks/Demos/MMFeedbacksDemo/Models/Dude/MMFeedbackDemoDude@TPose.fbx
  artifactKey: Guid(2a4a40e5b8a2c674d9d8d35164810540) Importer(815301076,1909f56bfc062723c751e8b465ee728b)
Start importing Assets/Feel/MMFeedbacks/Demos/MMFeedbacksDemo/Models/Dude/MMFeedbackDemoDude@TPose.fbx using Guid(2a4a40e5b8a2c674d9d8d35164810540) Importer(815301076,1909f56bfc062723c751e8b465ee728b)  -> (artifact id: '95cb00bd2b16979c95afa692cdffd74e') in 0.043456 seconds
Number of updated asset objects reloaded before import = 0
Number of asset objects unloaded after import = 94
========================================================================
Received Import Request.
  Time since last request: 23.661413 seconds.
  path: Assets/Feel/MMTools/Tools/MMVFX/MMRipple/MMRippleCircle2.mat
  artifactKey: Guid(dfe0b0e9e34f50b459b6c0d5c1341125) Importer(815301076,1909f56bfc062723c751e8b465ee728b)
Start importing Assets/Feel/MMTools/Tools/MMVFX/MMRipple/MMRippleCircle2.mat using Guid(dfe0b0e9e34f50b459b6c0d5c1341125) Importer(815301076,1909f56bfc062723c751e8b465ee728b)  -> (artifact id: '8b6e57947427bd144c7358e761ae903f') in 0.016377 seconds
Number of updated asset objects reloaded before import = 0
Number of asset objects unloaded after import = 2
========================================================================
Received Import Request.
  Time since last request: 0.000017 seconds.
  path: Assets/Feel/MMTools/Tools/MMVFX/MMRipple/MMRippleSpiral1.mat
  artifactKey: Guid(a617e0f28404308478e66c689628ebf8) Importer(815301076,1909f56bfc062723c751e8b465ee728b)
Start importing Assets/Feel/MMTools/Tools/MMVFX/MMRipple/MMRippleSpiral1.mat using Guid(a617e0f28404308478e66c689628ebf8) Importer(815301076,1909f56bfc062723c751e8b465ee728b)  -> (artifact id: 'f0018031c7595b36eaa700fdb626c3a7') in 0.021988 seconds
Number of updated asset objects reloaded before import = 0
Number of asset objects unloaded after import = 2
========================================================================
Received Import Request.
  Time since last request: 0.107268 seconds.
  path: Assets/Feel/MMTools/Demos/MMTween/Materials/MMPlotterPointMaterial 1.mat
  artifactKey: Guid(323f402f3db10d04686482d5febc26a2) Importer(815301076,1909f56bfc062723c751e8b465ee728b)
Start importing Assets/Feel/MMTools/Demos/MMTween/Materials/MMPlotterPointMaterial 1.mat using Guid(323f402f3db10d04686482d5febc26a2) Importer(815301076,1909f56bfc062723c751e8b465ee728b)  -> (artifact id: '461133637e1d041bc9b3953c591ad640') in 0.021372 seconds
Number of updated asset objects reloaded before import = 0
Number of asset objects unloaded after import = 1
========================================================================
Received Import Request.
  Time since last request: 0.000010 seconds.
  path: Assets/Feel/MMTools/Demos/MMTween/Materials/MMPlotterPointMaterial 5.mat
  artifactKey: Guid(731794f528315c84cb94474206d7e1fe) Importer(815301076,1909f56bfc062723c751e8b465ee728b)
Start importing Assets/Feel/MMTools/Demos/MMTween/Materials/MMPlotterPointMaterial 5.mat using Guid(731794f528315c84cb94474206d7e1fe) Importer(815301076,1909f56bfc062723c751e8b465ee728b)  -> (artifact id: '3d07947ddd6e719b9252353aff4deefd') in 0.042276 seconds
Number of updated asset objects reloaded before import = 0
Number of asset objects unloaded after import = 1
========================================================================
Received Import Request.
  Time since last request: 5.821301 seconds.
  path: Assets/Feel/MMTools/Tools/MMPrototypeTextures/MMBRP_Materials/Neutral/MMBRP_NeutralCheckers.mat
  artifactKey: Guid(98f9943149e70e84f969f66047eb997f) Importer(815301076,1909f56bfc062723c751e8b465ee728b)
Start importing Assets/Feel/MMTools/Tools/MMPrototypeTextures/MMBRP_Materials/Neutral/MMBRP_NeutralCheckers.mat using Guid(98f9943149e70e84f969f66047eb997f) Importer(815301076,1909f56bfc062723c751e8b465ee728b)  -> (artifact id: '06c4c5b61a999aff96ef64ab7ff1a3ee') in 0.166961 seconds
Number of updated asset objects reloaded before import = 0
Number of asset objects unloaded after import = 5
========================================================================
Received Import Request.
  Time since last request: 6.861749 seconds.
  path: Assets/Feel/MMTools/Tools/MMPrototypeTextures/MMBRP_Materials/MMBPR_LightGreyDots.mat
  artifactKey: Guid(06b0ed03b4a01634c8b5eb55bc95df8d) Importer(815301076,1909f56bfc062723c751e8b465ee728b)
Start importing Assets/Feel/MMTools/Tools/MMPrototypeTextures/MMBRP_Materials/MMBPR_LightGreyDots.mat using Guid(06b0ed03b4a01634c8b5eb55bc95df8d) Importer(815301076,1909f56bfc062723c751e8b465ee728b)  -> (artifact id: 'f74e7cd3386bf0a8b2624832bff30fff') in 0.032282 seconds
Number of updated asset objects reloaded before import = 0
Number of asset objects unloaded after import = 4
========================================================================
Received Import Request.
  Time since last request: 0.452601 seconds.
  path: Assets/Feel/MMTools/Tools/MMPrototypeTextures/MMBRP_Materials/MMBPR_BlueSquares.mat
  artifactKey: Guid(594480777cec0fa489126aeb2273ecbc) Importer(815301076,1909f56bfc062723c751e8b465ee728b)
Start importing Assets/Feel/MMTools/Tools/MMPrototypeTextures/MMBRP_Materials/MMBPR_BlueSquares.mat using Guid(594480777cec0fa489126aeb2273ecbc) Importer(815301076,1909f56bfc062723c751e8b465ee728b)  -> (artifact id: '31bd5f25fa7bd395a7df1383a5125000') in 0.023717 seconds
Number of updated asset objects reloaded before import = 0
Number of asset objects unloaded after import = 4
========================================================================
Received Import Request.
  Time since last request: 0.003660 seconds.
  path: Assets/Feel/FeelDemos/Barbarians/Models/FeelBarbarian.fbx
  artifactKey: Guid(5c0669bd66f517143b7f3a11cbd9c17e) Importer(815301076,1909f56bfc062723c751e8b465ee728b)
Start importing Assets/Feel/FeelDemos/Barbarians/Models/FeelBarbarian.fbx using Guid(5c0669bd66f517143b7f3a11cbd9c17e) Importer(815301076,1909f56bfc062723c751e8b465ee728b)  -> (artifact id: '348cb101cf638b51f002ea1ede9d8370') in 0.077753 seconds
Number of updated asset objects reloaded before import = 0
Number of asset objects unloaded after import = 100
========================================================================
Received Import Request.
  Time since last request: 0.301943 seconds.
  path: Assets/Feel/FeelDemos/Barbarians/Models/Materials/Leaves.mat
  artifactKey: Guid(2baaedc146e662a409f550424975eadc) Importer(815301076,1909f56bfc062723c751e8b465ee728b)
Start importing Assets/Feel/FeelDemos/Barbarians/Models/Materials/Leaves.mat using Guid(2baaedc146e662a409f550424975eadc) Importer(815301076,1909f56bfc062723c751e8b465ee728b)  -> (artifact id: 'ad6def815e5d805170987f7a14a8e7d9') in 0.012956 seconds
Number of updated asset objects reloaded before import = 0
Number of asset objects unloaded after import = 1
========================================================================
Received Import Request.
  Time since last request: 0.000012 seconds.
  path: Assets/Feel/FeelDemos/Barbarians/Models/Materials/Leaves.004.mat
  artifactKey: Guid(5f7c21d0e40236f4a88f4747a93a1f56) Importer(815301076,1909f56bfc062723c751e8b465ee728b)
Start importing Assets/Feel/FeelDemos/Barbarians/Models/Materials/Leaves.004.mat using Guid(5f7c21d0e40236f4a88f4747a93a1f56) Importer(815301076,1909f56bfc062723c751e8b465ee728b)  -> (artifact id: '73d880e3016f615e86be8558d7b4a09f') in 0.011633 seconds
Number of updated asset objects reloaded before import = 0
Number of asset objects unloaded after import = 1
========================================================================
Received Import Request.
  Time since last request: 0.032994 seconds.
  path: Assets/Feel/MMTools/Demos/MMTween/Fonts/Lato/SDF/Lato-Hairline SDF.asset
  artifactKey: Guid(932db15dad1eb664ab1a91d94a8b6fbf) Importer(815301076,1909f56bfc062723c751e8b465ee728b)
Start importing Assets/Feel/MMTools/Demos/MMTween/Fonts/Lato/SDF/Lato-Hairline SDF.asset using Guid(932db15dad1eb664ab1a91d94a8b6fbf) Importer(815301076,1909f56bfc062723c751e8b465ee728b)  -> (artifact id: '4ddff07d9f7cc57366a6c71f961886c6') in 0.035532 seconds
Number of updated asset objects reloaded before import = 0
Number of asset objects unloaded after import = 4
========================================================================
Received Import Request.
  Time since last request: 0.368021 seconds.
  path: Assets/Feel/MMTools/Demos/MMTween/Fonts/Lato/TTF/Lato-SemiboldItalic.ttf
  artifactKey: Guid(8bb3a26eeba4ea9419ea6d5b9a4805f4) Importer(815301076,1909f56bfc062723c751e8b465ee728b)
Start importing Assets/Feel/MMTools/Demos/MMTween/Fonts/Lato/TTF/Lato-SemiboldItalic.ttf using Guid(8bb3a26eeba4ea9419ea6d5b9a4805f4) Importer(815301076,1909f56bfc062723c751e8b465ee728b)  -> (artifact id: 'd569960a38682509c73d81ea6e32ad74') in 0.027193 seconds
Number of updated asset objects reloaded before import = 0
Number of asset objects unloaded after import = 4
========================================================================
Received Import Request.
  Time since last request: 0.058453 seconds.
  path: Assets/Feel/MMTools/Tools/MMAchievements/Fonts/orange kid.ttf
  artifactKey: Guid(0f03458534bea45e4bba9ab3411321b2) Importer(815301076,1909f56bfc062723c751e8b465ee728b)
Start importing Assets/Feel/MMTools/Tools/MMAchievements/Fonts/orange kid.ttf using Guid(0f03458534bea45e4bba9ab3411321b2) Importer(815301076,1909f56bfc062723c751e8b465ee728b)  -> (artifact id: '5c583b6844dc8ec41406e9ff458fcfcf') in 0.009581 seconds
Number of updated asset objects reloaded before import = 0
Number of asset objects unloaded after import = 4
========================================================================
Received Import Request.
  Time since last request: 0.000282 seconds.
  path: Assets/Feel/MMTools/Demos/MMTween/Fonts/Lato/TTF/Lato-HeavyItalic.ttf
  artifactKey: Guid(1f7095e4df627d446a114125f9882224) Importer(815301076,1909f56bfc062723c751e8b465ee728b)
Start importing Assets/Feel/MMTools/Demos/MMTween/Fonts/Lato/TTF/Lato-HeavyItalic.ttf using Guid(1f7095e4df627d446a114125f9882224) Importer(815301076,1909f56bfc062723c751e8b465ee728b)  -> (artifact id: '37e09540e896fe1df568585de85c42b3') in 0.008770 seconds
Number of updated asset objects reloaded before import = 0
Number of asset objects unloaded after import = 4
========================================================================
Received Import Request.
  Time since last request: 2.239290 seconds.
  path: Assets/Feel/FeelDemos/Wheel/Materials/FeelWheelGround.mat
  artifactKey: Guid(c3adaa8e8b2579a4aad868db4b1ea7d4) Importer(815301076,1909f56bfc062723c751e8b465ee728b)
Start importing Assets/Feel/FeelDemos/Wheel/Materials/FeelWheelGround.mat using Guid(c3adaa8e8b2579a4aad868db4b1ea7d4) Importer(815301076,1909f56bfc062723c751e8b465ee728b)  -> (artifact id: 'bfe2e53cd9da2e9beab8da9b4b8d2b44') in 0.025627 seconds
Number of updated asset objects reloaded before import = 0
Number of asset objects unloaded after import = 4
========================================================================
Received Import Request.
  Time since last request: 0.000015 seconds.
  path: Assets/Feel/FeelDemos/Wheel/Materials/FeelWheelSmokeMaterial.mat
  artifactKey: Guid(46e020243cfd35741b7273a2ba8d252a) Importer(815301076,1909f56bfc062723c751e8b465ee728b)
Start importing Assets/Feel/FeelDemos/Wheel/Materials/FeelWheelSmokeMaterial.mat using Guid(46e020243cfd35741b7273a2ba8d252a) Importer(815301076,1909f56bfc062723c751e8b465ee728b)  -> (artifact id: 'b6dc18bdf14addd61c50721a201d435c') in 0.123238 seconds
Number of updated asset objects reloaded before import = 0
Number of asset objects unloaded after import = 2
========================================================================
Received Import Request.
  Time since last request: 0.207249 seconds.
  path: Assets/Feel/FeelDemosURP/Strike/Materials/FeelStrikeArrow.mat
  artifactKey: Guid(64105d8dccbbd1a4690105ead36bd9ae) Importer(815301076,1909f56bfc062723c751e8b465ee728b)
Start importing Assets/Feel/FeelDemosURP/Strike/Materials/FeelStrikeArrow.mat using Guid(64105d8dccbbd1a4690105ead36bd9ae) Importer(815301076,1909f56bfc062723c751e8b465ee728b)  -> (artifact id: '8f02d5b9eee652541df11d399e5d9f48') in 0.007351 seconds
Number of updated asset objects reloaded before import = 0
Number of asset objects unloaded after import = 2
========================================================================
Received Import Request.
  Time since last request: 0.000012 seconds.
  path: Assets/Feel/FeelDemosURP/Strike/Materials/FeelStrikePinStripes.mat
  artifactKey: Guid(4bb041fafbc61b44899bc1dce5cc5c6f) Importer(815301076,1909f56bfc062723c751e8b465ee728b)
Start importing Assets/Feel/FeelDemosURP/Strike/Materials/FeelStrikePinStripes.mat using Guid(4bb041fafbc61b44899bc1dce5cc5c6f) Importer(815301076,1909f56bfc062723c751e8b465ee728b)  -> (artifact id: 'b4bee167f62d11c46680794e8faf40fb') in 0.011905 seconds
Number of updated asset objects reloaded before import = 0
Number of asset objects unloaded after import = 3
========================================================================
Received Import Request.
  Time since last request: 0.000010 seconds.
  path: Assets/Feel/FeelDemosURP/Strike/Materials/FeelStrikePinBody.mat
  artifactKey: Guid(281ff2d014324824b952c04933ac01f0) Importer(815301076,1909f56bfc062723c751e8b465ee728b)
Start importing Assets/Feel/FeelDemosURP/Strike/Materials/FeelStrikePinBody.mat using Guid(281ff2d014324824b952c04933ac01f0) Importer(815301076,1909f56bfc062723c751e8b465ee728b)  -> (artifact id: '84fd78d0e00faca2102033880ba94a0f') in 0.010715 seconds
Number of updated asset objects reloaded before import = 0
Number of asset objects unloaded after import = 3
========================================================================
Received Import Request.
  Time since last request: 0.000051 seconds.
  path: Assets/Feel/FeelDemos/SquashAndStretch/Materials/FeelSquashAndStretchCarBodyBlue.mat
  artifactKey: Guid(62deb903dafe4dd46b6ad474250fade3) Importer(815301076,1909f56bfc062723c751e8b465ee728b)
Start importing Assets/Feel/FeelDemos/SquashAndStretch/Materials/FeelSquashAndStretchCarBodyBlue.mat using Guid(62deb903dafe4dd46b6ad474250fade3) Importer(815301076,1909f56bfc062723c751e8b465ee728b)  -> (artifact id: '01ad68ffea07bbb9c07b39c23909e1be') in 0.040675 seconds
Number of updated asset objects reloaded before import = 0
Number of asset objects unloaded after import = 3
========================================================================
Received Import Request.
  Time since last request: 0.000015 seconds.
  path: Assets/Feel/FeelDemos/SquashAndStretch/Materials/FeelSquashAndStretchChalet.mat
  artifactKey: Guid(34349ba9a92a78e4384a72b5d6d27d90) Importer(815301076,1909f56bfc062723c751e8b465ee728b)
Start importing Assets/Feel/FeelDemos/SquashAndStretch/Materials/FeelSquashAndStretchChalet.mat using Guid(34349ba9a92a78e4384a72b5d6d27d90) Importer(815301076,1909f56bfc062723c751e8b465ee728b)  -> (artifact id: 'aabfbe46f53a1ee59d0fbc17ee5e83e4') in 0.035558 seconds
Number of updated asset objects reloaded before import = 0
Number of asset objects unloaded after import = 3
========================================================================
Received Import Request.
  Time since last request: 0.443216 seconds.
  path: Assets/Feel/FeelDemos/Letters/Materials/FeelLettersDemoWindMaterial.mat
  artifactKey: Guid(2632f30768ebdc141974faa405242463) Importer(815301076,1909f56bfc062723c751e8b465ee728b)
Start importing Assets/Feel/FeelDemos/Letters/Materials/FeelLettersDemoWindMaterial.mat using Guid(2632f30768ebdc141974faa405242463) Importer(815301076,1909f56bfc062723c751e8b465ee728b)  -> (artifact id: '5e962ab4c63bc49dde2fa5ba833d1436') in 0.023647 seconds
Number of updated asset objects reloaded before import = 0
Number of asset objects unloaded after import = 2
========================================================================
Received Import Request.
  Time since last request: 0.000014 seconds.
  path: Assets/Feel/FeelDemos/Snake/Materials/FeelSnakeBlackParticles.mat
  artifactKey: Guid(bf243365243d66a45824d9d35ef3f4b1) Importer(815301076,1909f56bfc062723c751e8b465ee728b)
Start importing Assets/Feel/FeelDemos/Snake/Materials/FeelSnakeBlackParticles.mat using Guid(bf243365243d66a45824d9d35ef3f4b1) Importer(815301076,1909f56bfc062723c751e8b465ee728b)  -> (artifact id: 'ae84cd0beb3941197c9861822826bc47') in 0.034428 seconds
Number of updated asset objects reloaded before import = 0
Number of asset objects unloaded after import = 2
========================================================================
Received Import Request.
  Time since last request: 0.062961 seconds.
  path: Assets/Feel/FeelDemosHDRP/Falcon/Materials/FeelFalconSmoke2.mat
  artifactKey: Guid(dffe70d0ce43bc7459b37d7095e445d0) Importer(815301076,1909f56bfc062723c751e8b465ee728b)
Start importing Assets/Feel/FeelDemosHDRP/Falcon/Materials/FeelFalconSmoke2.mat using Guid(dffe70d0ce43bc7459b37d7095e445d0) Importer(815301076,1909f56bfc062723c751e8b465ee728b)  -> (artifact id: 'ec4c0f92a332fbc1ffaf5e0ea3ac7be3') in 0.007623 seconds
Number of updated asset objects reloaded before import = 0
Number of asset objects unloaded after import = 2
========================================================================
Received Import Request.
  Time since last request: 0.000020 seconds.
  path: Assets/Feel/FeelDemosHDRP/Falcon/Materials/FeelFalconWindows.mat
  artifactKey: Guid(08dadbc729d7e724cbc0c20f8931a254) Importer(815301076,1909f56bfc062723c751e8b465ee728b)
Start importing Assets/Feel/FeelDemosHDRP/Falcon/Materials/FeelFalconWindows.mat using Guid(08dadbc729d7e724cbc0c20f8931a254) Importer(815301076,1909f56bfc062723c751e8b465ee728b)  -> (artifact id: '90b03194b4ac1d2368ff4e30ae578610') in 0.006587 seconds
Number of updated asset objects reloaded before import = 0
Number of asset objects unloaded after import = 1
========================================================================
Received Import Request.
  Time since last request: 1.622881 seconds.
  path: Assets/Feel/FeelDemos/Brass/Materials/FeelBrassSkybox.mat
  artifactKey: Guid(66a13f4585b64ee4b9a67b5ddd3f580b) Importer(815301076,1909f56bfc062723c751e8b465ee728b)
Start importing Assets/Feel/FeelDemos/Brass/Materials/FeelBrassSkybox.mat using Guid(66a13f4585b64ee4b9a67b5ddd3f580b) Importer(815301076,1909f56bfc062723c751e8b465ee728b)  -> (artifact id: '0e4416c999d1170cd99b004c6e05b2a2') in 0.056180 seconds
Number of updated asset objects reloaded before import = 0
Number of asset objects unloaded after import = 1
========================================================================
Received Import Request.
  Time since last request: 0.000125 seconds.
  path: Assets/Feel/FeelDemos/Brass/Materials/FeelBrassClothes.mat
  artifactKey: Guid(1815c65852fa2fe468997b942f0321d8) Importer(815301076,1909f56bfc062723c751e8b465ee728b)
Start importing Assets/Feel/FeelDemos/Brass/Materials/FeelBrassClothes.mat using Guid(1815c65852fa2fe468997b942f0321d8) Importer(815301076,1909f56bfc062723c751e8b465ee728b)  -> (artifact id: 'a4ef92406a394bb4a30376ec63f2bca9') in 0.024048 seconds
Number of updated asset objects reloaded before import = 0
Number of asset objects unloaded after import = 1
========================================================================
Received Import Request.
  Time since last request: 0.000162 seconds.
  path: Assets/Feel/FeelDemos/Bounce/Materials/FeelBounceLight.mat
  artifactKey: Guid(0b839954fde649940911003ccb2b898f) Importer(815301076,1909f56bfc062723c751e8b465ee728b)
Start importing Assets/Feel/FeelDemos/Bounce/Materials/FeelBounceLight.mat using Guid(0b839954fde649940911003ccb2b898f) Importer(815301076,1909f56bfc062723c751e8b465ee728b)  -> (artifact id: 'b103f1950f9b7b8fcc4b029687a3bd9d') in 0.028411 seconds
Number of updated asset objects reloaded before import = 0
Number of asset objects unloaded after import = 1
========================================================================
Received Import Request.
  Time since last request: 0.000208 seconds.
  path: Assets/Feel/FeelDemosHDRP/Falcon/Materials/FeelFalconPaint.mat
  artifactKey: Guid(d75374dc42d4c9d4b8f44f6c9453116f) Importer(815301076,1909f56bfc062723c751e8b465ee728b)
Start importing Assets/Feel/FeelDemosHDRP/Falcon/Materials/FeelFalconPaint.mat using Guid(d75374dc42d4c9d4b8f44f6c9453116f) Importer(815301076,1909f56bfc062723c751e8b465ee728b)  -> (artifact id: '741db2c24cd11e4ea08d12afc12d2949') in 0.008320 seconds
Number of updated asset objects reloaded before import = 0
Number of asset objects unloaded after import = 1
========================================================================
Received Import Request.
  Time since last request: 0.063219 seconds.
  path: Assets/Feel/FeelDemos/Barbarians/Materials/FeelBarbarianTopDownRock.mat
  artifactKey: Guid(00977836d35ea9c44ba9f73300203ff2) Importer(815301076,1909f56bfc062723c751e8b465ee728b)
Start importing Assets/Feel/FeelDemos/Barbarians/Materials/FeelBarbarianTopDownRock.mat using Guid(00977836d35ea9c44ba9f73300203ff2) Importer(815301076,1909f56bfc062723c751e8b465ee728b)  -> (artifact id: 'e08d52359627aae62aa94e9ff1898bfa') in 0.015642 seconds
Number of updated asset objects reloaded before import = 0
Number of asset objects unloaded after import = 1
========================================================================
Received Import Request.
  Time since last request: 0.000011 seconds.
  path: Assets/Feel/FeelDemos/Bounce/Materials/FeelBounceAxe.mat
  artifactKey: Guid(af886413eac5dcb439c12b037deeef73) Importer(815301076,1909f56bfc062723c751e8b465ee728b)
Start importing Assets/Feel/FeelDemos/Bounce/Materials/FeelBounceAxe.mat using Guid(af886413eac5dcb439c12b037deeef73) Importer(815301076,1909f56bfc062723c751e8b465ee728b)  -> (artifact id: 'e29f407e4ad238bb03be9a1306a1261f') in 0.939404 seconds
Number of updated asset objects reloaded before import = 0
Number of asset objects unloaded after import = 2
========================================================================
Received Import Request.
  Time since last request: 39.498130 seconds.
  path: Assets/150+ Fantastic stylized unusual textures effects fantasy materials/Materials/Enchanted Crystal Veins/Enchanted Crystal Veins (8).mat
  artifactKey: Guid(c435af74ff50a7f4caa4d9f348a93810) Importer(815301076,1909f56bfc062723c751e8b465ee728b)
Start importing Assets/150+ Fantastic stylized unusual textures effects fantasy materials/Materials/Enchanted Crystal Veins/Enchanted Crystal Veins (8).mat using Guid(c435af74ff50a7f4caa4d9f348a93810) Importer(815301076,1909f56bfc062723c751e8b465ee728b)  -> (artifact id: '37fbd7078ef257086b9aa3b5ad447ef2') in 0.034126 seconds
Number of updated asset objects reloaded before import = 0
Number of asset objects unloaded after import = 2
========================================================================
Received Import Request.
  Time since last request: 0.146113 seconds.
  path: Assets/150+ Fantastic stylized unusual textures effects fantasy materials/Materials/Cursed Phantom Chains/Cursed Phantom Chains (1).mat
  artifactKey: Guid(ae201c272a527604d993cde162690e39) Importer(815301076,1909f56bfc062723c751e8b465ee728b)
Start importing Assets/150+ Fantastic stylized unusual textures effects fantasy materials/Materials/Cursed Phantom Chains/Cursed Phantom Chains (1).mat using Guid(ae201c272a527604d993cde162690e39) Importer(815301076,1909f56bfc062723c751e8b465ee728b)  -> (artifact id: '9b4d585442295db00678bcd9174251c6') in 0.022447 seconds
Number of updated asset objects reloaded before import = 0
Number of asset objects unloaded after import = 2
========================================================================
Received Import Request.
  Time since last request: 0.000014 seconds.
  path: Assets/150+ Fantastic stylized unusual textures effects fantasy materials/Materials/Cursed Phantom Chains/Cursed Phantom Chains (10).mat
  artifactKey: Guid(9741c9cc6f70eb946a1891e163506970) Importer(815301076,1909f56bfc062723c751e8b465ee728b)
Start importing Assets/150+ Fantastic stylized unusual textures effects fantasy materials/Materials/Cursed Phantom Chains/Cursed Phantom Chains (10).mat using Guid(9741c9cc6f70eb946a1891e163506970) Importer(815301076,1909f56bfc062723c751e8b465ee728b)  -> (artifact id: '1659001be644812704bcb212c0ecaac4') in 0.038466 seconds
Number of updated asset objects reloaded before import = 0
Number of asset objects unloaded after import = 2
========================================================================
Received Import Request.
  Time since last request: 0.000238 seconds.
  path: Assets/150+ Fantastic stylized unusual textures effects fantasy materials/Materials/Cursed Phantom Chains/Cursed Phantom Chains (12).mat
  artifactKey: Guid(029d6a8d8858de244ad3b1f54026f660) Importer(815301076,1909f56bfc062723c751e8b465ee728b)
Start importing Assets/150+ Fantastic stylized unusual textures effects fantasy materials/Materials/Cursed Phantom Chains/Cursed Phantom Chains (12).mat using Guid(029d6a8d8858de244ad3b1f54026f660) Importer(815301076,1909f56bfc062723c751e8b465ee728b)  -> (artifact id: 'b911cd7febc407a471058d607d05901d') in 0.047636 seconds
Number of updated asset objects reloaded before import = 0
Number of asset objects unloaded after import = 2
========================================================================
Received Import Request.
  Time since last request: 9.470857 seconds.
  path: Assets/150+ Fantastic stylized unusual textures effects fantasy materials/Materials/Crystalized Frost Patterns/Crystalized Frost Patterns (3).mat
  artifactKey: Guid(321b9abb86965f943b0bd51f9c05f8a3) Importer(815301076,1909f56bfc062723c751e8b465ee728b)
Start importing Assets/150+ Fantastic stylized unusual textures effects fantasy materials/Materials/Crystalized Frost Patterns/Crystalized Frost Patterns (3).mat using Guid(321b9abb86965f943b0bd51f9c05f8a3) Importer(815301076,1909f56bfc062723c751e8b465ee728b)  -> (artifact id: '2adb9e7e84523e6c456930d8a546b1f0') in 0.050909 seconds
Number of updated asset objects reloaded before import = 0
Number of asset objects unloaded after import = 2
========================================================================
Received Import Request.
  Time since last request: 42.835629 seconds.
  path: Assets/150+ Fantastic stylized unusual textures effects fantasy materials/Materials/Celestial Stardust/Celestial Stardust (4).mat
  artifactKey: Guid(9606beab0afb8db4cb2321483bdc5710) Importer(815301076,1909f56bfc062723c751e8b465ee728b)
Start importing Assets/150+ Fantastic stylized unusual textures effects fantasy materials/Materials/Celestial Stardust/Celestial Stardust (4).mat using Guid(9606beab0afb8db4cb2321483bdc5710) Importer(815301076,1909f56bfc062723c751e8b465ee728b)  -> (artifact id: '7d1757dc38817671a897add86b15ffb5') in 0.063952 seconds
Number of updated asset objects reloaded before import = 0
Number of asset objects unloaded after import = 2
========================================================================
Received Prepare
Begin MonoManager ReloadAssembly
- Loaded All Assemblies, in  0.341 seconds
Refreshing native plugins compatible for Editor in 2.72 ms, found 4 plugins.
Native extension for UWP target not found
Native extension for WindowsStandalone target not found
Native extension for iOS target not found
Native extension for Android target not found
Native extension for OSXStandalone target not found
Native extension for WebGL target not found
[Package Manager] Server::EnsureServerProcessIsRunning -- launch failed, reason: Unity was launched with the -noUpm command-line argument
[Package Manager] UpmClient::Send -- Unable to send message (not connected to UPM process).
[Package Manager] Cannot connect to Unity Package Manager local server
Mono: successfully reloaded assembly
- Finished resetting the current domain, in  0.681 seconds
Domain Reload Profiling: 1021ms
	BeginReloadAssembly (113ms)
		ExecutionOrderSort (0ms)
		DisableScriptedObjects (2ms)
		BackupInstance (0ms)
		ReleaseScriptingObjects (0ms)
		CreateAndSetChildDomain (36ms)
	RebuildCommonClasses (20ms)
	RebuildNativeTypeToScriptingClass (7ms)
	initialDomainReloadingComplete (40ms)
	LoadAllAssembliesAndSetupDomain (158ms)
		LoadAssemblies (192ms)
		RebuildTransferFunctionScriptingTraits (0ms)
		AnalyzeDomain (17ms)
			TypeCache.Refresh (7ms)
				TypeCache.ScanAssembly (0ms)
			ScanForSourceGeneratedMonoScriptInfo (0ms)
			ResolveRequiredComponents (9ms)
	FinalizeReload (681ms)
		ReleaseScriptCaches (0ms)
		RebuildScriptCaches (0ms)
		SetupLoadedEditorAssemblies (391ms)
			LogAssemblyErrors (0ms)
			InitializePlatformSupportModulesInManaged (29ms)
			SetLoadedEditorAssemblies (2ms)
			RefreshPlugins (0ms)
			BeforeProcessingInitializeOnLoad (46ms)
			ProcessInitializeOnLoadAttributes (293ms)
			ProcessInitializeOnLoadMethodAttributes (17ms)
			AfterProcessingInitializeOnLoad (3ms)
			EditorAssembliesLoaded (0ms)
		ExecutionOrderSort2 (0ms)
		AwakeInstancesAfterBackupRestoration (4ms)
Shader 'MoreMountains/MMRipple': fallback shader 'Particle/AlphaBlended' not found
Refreshing native plugins compatible for Editor in 6.10 ms, found 4 plugins.
Preloading 0 native plugins for Editor in 0.00 ms.
Unloading 4123 Unused Serialized files (Serialized files now loaded: 0)
Unloading 35 unused Assets / (37.2 KB). Loaded Objects now: 4792.
Memory consumption went from 229.2 MB to 229.2 MB.
Total: 4.312800 ms (FindLiveObjects: 0.274600 ms CreateObjectMapping: 0.123800 ms MarkObjects: 3.835500 ms  DeleteObjects: 0.077100 ms)

Prepare: number of updated asset objects reloaded= 0
AssetImportParameters requested are different than current active one (requested -> active):
  custom:container-demuxer-ogg: 62fdf1f143b41e24485cea50d1cbac27 -> 
  custom:video-codec-MediaFoundation-h265: 746d11721c4dcdbdad8f713fa42b33f4 -> 
  custom:video-decoder-ogg-theora: a1e56fd34408186e4bbccfd4996cb3dc -> 
  custom:framework-win-MediaFoundation: 216162199b28c13a410421893ffa2e32 -> 
  custom:CustomObjectIndexerAttribute: 756ad292c208cfabdd7b50bc23989ffe -> 
  custom:container-demuxer-webm: 4f35f7cbe854078d1ac9338744f61a02 -> 
  custom:container-muxer-webm: aa71ff27fc2769a1b78a27578f13a17b -> 
  custom:video-decoder-webm-vp8: 9c59270c3fd7afecdb556c50c9e8de78 -> 
  custom:SearchIndexIgnoredProperties: e643bd26f0fe6173181afceb89e7c659 -> 
  custom:AudioImporter_EditorPlatform: d09bf68614088b80899f8185d706f6e7 -> 
  custom:video-encoder-webm-vp8: eb34c28f22e8b96e1ab97ce403110664 -> 
  custom:audio-decoder-ogg-vorbis: bf7c407c2cedff20999df2af8eb42d56 -> 
  custom:audio-encoder-webm-vorbis: bf7c407c2cedff20999df2af8eb42d56 -> 
========================================================================
Received Prepare
Begin MonoManager ReloadAssembly
- Loaded All Assemblies, in  0.343 seconds
Refreshing native plugins compatible for Editor in 2.57 ms, found 4 plugins.
Native extension for UWP target not found
Native extension for WindowsStandalone target not found
Native extension for iOS target not found
Native extension for Android target not found
Native extension for OSXStandalone target not found
Native extension for WebGL target not found
[Package Manager] Server::EnsureServerProcessIsRunning -- launch failed, reason: Unity was launched with the -noUpm command-line argument
[Package Manager] UpmClient::Send -- Unable to send message (not connected to UPM process).
[Package Manager] Cannot connect to Unity Package Manager local server
Mono: successfully reloaded assembly
- Finished resetting the current domain, in  0.748 seconds
Domain Reload Profiling: 1090ms
	BeginReloadAssembly (108ms)
		ExecutionOrderSort (0ms)
		DisableScriptedObjects (3ms)
		BackupInstance (0ms)
		ReleaseScriptingObjects (0ms)
		CreateAndSetChildDomain (28ms)
	RebuildCommonClasses (23ms)
	RebuildNativeTypeToScriptingClass (7ms)
	initialDomainReloadingComplete (38ms)
	LoadAllAssembliesAndSetupDomain (166ms)
		LoadAssemblies (202ms)
		RebuildTransferFunctionScriptingTraits (0ms)
		AnalyzeDomain (19ms)
			TypeCache.Refresh (7ms)
				TypeCache.ScanAssembly (0ms)
			ScanForSourceGeneratedMonoScriptInfo (0ms)
			ResolveRequiredComponents (11ms)
	FinalizeReload (748ms)
		ReleaseScriptCaches (0ms)
		RebuildScriptCaches (0ms)
		SetupLoadedEditorAssemblies (438ms)
			LogAssemblyErrors (0ms)
			InitializePlatformSupportModulesInManaged (23ms)
			SetLoadedEditorAssemblies (2ms)
			RefreshPlugins (0ms)
			BeforeProcessingInitializeOnLoad (42ms)
			ProcessInitializeOnLoadAttributes (344ms)
			ProcessInitializeOnLoadMethodAttributes (20ms)
			AfterProcessingInitializeOnLoad (6ms)
			EditorAssembliesLoaded (0ms)
		ExecutionOrderSort2 (0ms)
		AwakeInstancesAfterBackupRestoration (4ms)
Shader 'MoreMountains/MMRipple': fallback shader 'Particle/AlphaBlended' not found
Refreshing native plugins compatible for Editor in 5.76 ms, found 4 plugins.
Preloading 0 native plugins for Editor in 0.00 ms.
Unloading 4124 Unused Serialized files (Serialized files now loaded: 0)
Unloading 35 unused Assets / (36.2 KB). Loaded Objects now: 4795.
Memory consumption went from 229.5 MB to 229.4 MB.
Total: 4.555200 ms (FindLiveObjects: 0.268800 ms CreateObjectMapping: 0.148200 ms MarkObjects: 4.072800 ms  DeleteObjects: 0.064300 ms)

Prepare: number of updated asset objects reloaded= 0
AssetImportParameters requested are different than current active one (requested -> active):
  custom:container-demuxer-ogg: 62fdf1f143b41e24485cea50d1cbac27 -> 
  custom:video-codec-MediaFoundation-h265: 746d11721c4dcdbdad8f713fa42b33f4 -> 
  custom:video-decoder-ogg-theora: a1e56fd34408186e4bbccfd4996cb3dc -> 
  custom:framework-win-MediaFoundation: 216162199b28c13a410421893ffa2e32 -> 
  custom:CustomObjectIndexerAttribute: 756ad292c208cfabdd7b50bc23989ffe -> 
  custom:container-demuxer-webm: 4f35f7cbe854078d1ac9338744f61a02 -> 
  custom:container-muxer-webm: aa71ff27fc2769a1b78a27578f13a17b -> 
  custom:video-decoder-webm-vp8: 9c59270c3fd7afecdb556c50c9e8de78 -> 
  custom:SearchIndexIgnoredProperties: e643bd26f0fe6173181afceb89e7c659 -> 
  custom:AudioImporter_EditorPlatform: d09bf68614088b80899f8185d706f6e7 -> 
  custom:video-encoder-webm-vp8: eb34c28f22e8b96e1ab97ce403110664 -> 
  custom:audio-decoder-ogg-vorbis: bf7c407c2cedff20999df2af8eb42d56 -> 
  custom:audio-encoder-webm-vorbis: bf7c407c2cedff20999df2af8eb42d56 -> 
Editor requested this worker to shutdown with reason: Scaling down because of idle timeout
TcpMessagingSession - receive error: operation aborted. errorcode: 995, details: The I/O operation has been aborted because of either a thread exit or an application request.
AssetImportWorker is now disconnected from the server
Process exiting
Exiting without the bug reporter. Application will terminate with return code 0